[I 2026-01-25 15:34:22,075] A new study created in memory with name: hyperparam_search_family_20260125_153422
  0%|          | 0/5 [00:00<?, ?it/s]
============================================================
Trial 0: lr=5e-05, hidden=256, layers=4, ent_coef=0.1
============================================================
======================================================================
Training: family
Envs: 128, Steps: 256, Timesteps: 2000000
Seed: 0
======================================================================

[1/3] Creating components...

[2/3] Running training...

============================================================
Initial evaluation (untrained model)
============================================================
[Eval] Took 24.87 seconds

[Ranking] MRR: current=0.585, best=0.585 (iter 0)
--------------------------------------------------------------------
| eval/                              |                            |
|    Hits@1                         | 0.572                      |
|    Hits@10                        | 0.605                      |
|    Hits@3                         | 0.575                      |
|    MRR                            | 0.585                      |
|    len_d_-1_pos                   | 8.500                      |
|    len_d_2_pos                    | 4.467                      |
|    len_d_4_pos                    | 11.714                     |
|    len_d_6_pos                    | 8.000                      |
|    len_neg                        | 7.874                      |
|    len_pos                        | 4.940                      |
|    mrr_mean                       | 0.585                      |
|    proven_d_-1_pos                | 0.100                      |
|    proven_d_2_pos                 | 0.640                      |
|    proven_d_4_pos                 | 0.000                      |
|    proven_d_6_pos                 | 0.000                      |
|    proven_neg                     | 0.038                      |
|    proven_pos                     | 0.587                      |
|    reward_d_-1_pos                | 0.100                      |
|    reward_d_2_pos                 | 0.640                      |
|    reward_d_4_pos                 | 0.000                      |
|    reward_d_6_pos                 | 0.000                      |
|    reward_label_neg               | 0.038                      |
|    reward_label_pos               | 0.587                      |
--------------------------------------------------------------------

============================================================

[PPO] Rollout collected in 3.87s. Rollout FPS: 8462.33. Reward: 0.422. Timesteps: 32768
[PPO] Early stopping at step 4 due to reaching max kl: 0.34
Epoch 1/5. 
Losses: total 8.39988, value 3.97060, policy 0.09965, entropy -1.54521, approx_kl 0.20093 clip_fraction 0.51123. 
Epoch 2/5. 
Losses: total 7.16074, value 3.96804, policy 0.10003, entropy -1.54488, approx_kl 0.20079 clip_fraction 0.51236. 
Epoch 3/5. 
Losses: total 9.01664, value 3.96740, policy 0.09967, entropy -1.54475, approx_kl 0.20131 clip_fraction 0.51090. 
Epoch 4/5. 
Losses: total 7.23013, value 3.96738, policy 0.10032, entropy -1.54485, approx_kl 0.20094 clip_fraction 0.51044. 
[PPO] Training completed in 11.22s
[Metrics] Reward (train): current=0.422, best=0.422 (iter 1)
--------------------------------------------------------------------
| rollout/                           |                            |
|    ep_len_mean                    | 5.045                      |
|    ep_rew_mean                    | 0.422                      |
|    explained_variance             | -3.778                     |
|    len                            | 5.045 +/- 3.54 (6426)      |
|    len_d_1_pos                    | 1.000 +/- 0.00 (258)       |
|    len_d_2_pos                    | 4.346 +/- 3.58 (2941)      |
|    len_d_4_pos                    | 5.887 +/- 4.26 (53)        |
|    len_d_unknown_neg              | 6.008 +/- 3.24 (3174)      |
|    len_neg                        | 6.008 +/- 3.24 (3174)      |
|    len_pos                        | 4.105 +/- 3.57 (3252)      |
|    proven_d_1_pos                 | 1.000 +/- 0.00 (258)       |
|    proven_d_1_pos_husband         | 1.000 +/- 0.00 (124)       |
|    proven_d_1_pos_wife            | 1.000 +/- 0.00 (134)       |
|    proven_d_2_pos                 | 0.773 +/- 0.42 (2941)      |
|    proven_d_2_pos_aunt            | 0.787 +/- 0.41 (531)       |
|    proven_d_2_pos_brother         | 0.804 +/- 0.40 (168)       |
|    proven_d_2_pos_daughter        | 0.758 +/- 0.43 (153)       |
|    proven_d_2_pos_father          | 0.846 +/- 0.36 (162)       |
|    proven_d_2_pos_husband         | 0.467 +/- 0.50 (15)        |
|    proven_d_2_pos_mother          | 0.943 +/- 0.23 (158)       |
|    proven_d_2_pos_nephew          | 0.685 +/- 0.46 (480)       |
|    proven_d_2_pos_niece           | 0.726 +/- 0.45 (402)       |
|    proven_d_2_pos_sister          | 0.861 +/- 0.35 (202)       |
|    proven_d_2_pos_son             | 0.644 +/- 0.48 (194)       |
|    proven_d_2_pos_uncle           | 0.835 +/- 0.37 (460)       |
|    proven_d_2_pos_wife            | 0.438 +/- 0.50 (16)        |
|    proven_d_4_pos                 | 0.642 +/- 0.48 (53)        |
|    proven_d_4_pos_aunt            | 0.417 +/- 0.49 (12)        |
|    proven_d_4_pos_brother         | 1.000 +/- 0.00 (7)         |
|    proven_d_4_pos_father          | 1.000 +/- 0.00 (3)         |
|    proven_d_4_pos_husband         | 0.000 +/- 0.00 (1)         |
|    proven_d_4_pos_mother          | 0.857 +/- 0.35 (7)         |
|    proven_d_4_pos_nephew          | 0.500 +/- 0.50 (2)         |
|    proven_d_4_pos_niece           | 1.000 +/- 0.00 (2)         |
|    proven_d_4_pos_sister          | 0.750 +/- 0.43 (4)         |
|    proven_d_4_pos_son             | 0.250 +/- 0.43 (8)         |
|    proven_d_4_pos_uncle           | 0.714 +/- 0.45 (7)         |
|    proven_d_unknown_neg           | 0.383 +/- 0.49 (3174)      |
|    proven_d_unknown_neg_<PAD>     | 0.000 +/- 0.00 (9)         |
|    proven_d_unknown_neg_aunt      | 0.511 +/- 0.50 (421)       |
|    proven_d_unknown_neg_brother   | 0.065 +/- 0.25 (170)       |
|    proven_d_unknown_neg_daughter  | 0.480 +/- 0.50 (171)       |
|    proven_d_unknown_neg_father    | 0.583 +/- 0.49 (180)       |
|    proven_d_unknown_neg_husband   | 0.189 +/- 0.39 (159)       |
|    proven_d_unknown_neg_mother    | 0.665 +/- 0.47 (164)       |
|    proven_d_unknown_neg_nephew    | 0.099 +/- 0.30 (494)       |
|    proven_d_unknown_neg_niece     | 0.504 +/- 0.50 (375)       |
|    proven_d_unknown_neg_sister    | 0.280 +/- 0.45 (193)       |
|    proven_d_unknown_neg_son       | 0.069 +/- 0.25 (245)       |
|    proven_d_unknown_neg_uncle     | 0.654 +/- 0.48 (471)       |
|    proven_d_unknown_neg_wife      | 0.393 +/- 0.49 (122)       |
|    proven_neg                     | 0.383 +/- 0.49 (3174)      |
|    proven_pos                     | 0.789 +/- 0.41 (3252)      |
|    reward                         | 0.422 +/- 0.93 (6426)      |
|    reward_d_1_pos                 | 1.000 +/- 0.00 (258)       |
|    reward_d_2_pos                 | 0.546 +/- 0.84 (2941)      |
|    reward_d_4_pos                 | 0.283 +/- 0.96 (53)        |
|    reward_d_unknown_neg           | 0.263 +/- 1.00 (3174)      |
|    reward_neg                     | 0.263 +/- 1.00 (3174)      |
|    reward_pos                     | 0.577 +/- 0.82 (3252)      |
|    success_rate                   | 0.589                      |
|    time/elapsed                   | 39                         |
|    time/iteration_fps             | 819                        |
|    total_timesteps                | 32768                      |
--------------------------------------------------------------------

[Checkpoint] Saved last train model to /home/castellanoontiv/Batched_env-swarm/family_training/kge_experiments/models/optuna_trial_0_20260125_153422/last_model_train_2026_01_25_15_34_23.pt
[PPO] Rollout collected in 1.60s. Rollout FPS: 20461.55. Reward: 0.395. Timesteps: 65536
[PPO] Early stopping at step 2 due to reaching max kl: 0.30
Epoch 1/5. 
Losses: total 8.68316, value 3.90430, policy 0.09837, entropy -1.55156, approx_kl 0.20178 clip_fraction 0.51294. 
Epoch 2/5. 
Losses: total 6.88570, value 3.86956, policy 0.09738, entropy -1.55201, approx_kl 0.20101 clip_fraction 0.51120. 
[PPO] Training completed in 9.45s
[Metrics] Reward (train): current=0.409, best=0.422 (iter 1)
--------------------------------------------------------------------
| rollout/                           |                            |
|    ep_len_mean                    | 5.070                      |
|    ep_rew_mean                    | 0.409                      |
|    explained_variance             | -3.670                     |
|    len                            | 5.070 +/- 3.54 (12837)     |
|    len_d_1_pos                    | 1.000 +/- 0.00 (503)       |
|    len_d_2_pos                    | 4.345 +/- 3.58 (5842)      |
|    len_d_4_pos                    | 6.280 +/- 4.48 (118)       |
|    len_d_6_pos                    | 10.000 +/- 0.00 (1)        |
|    len_d_unknown_neg              | 6.034 +/- 3.23 (6373)      |
|    len_neg                        | 6.034 +/- 3.23 (6373)      |
|    len_pos                        | 4.121 +/- 3.58 (6464)      |
|    proven_d_1_pos                 | 1.000 +/- 0.00 (503)       |
|    proven_d_1_pos_husband         | 1.000 +/- 0.00 (256)       |
|    proven_d_1_pos_wife            | 1.000 +/- 0.00 (247)       |
|    proven_d_2_pos                 | 0.761 +/- 0.43 (5842)      |
|    proven_d_2_pos_aunt            | 0.785 +/- 0.41 (923)       |
|    proven_d_2_pos_brother         | 0.790 +/- 0.41 (348)       |
|    proven_d_2_pos_daughter        | 0.767 +/- 0.42 (318)       |
|    proven_d_2_pos_father          | 0.862 +/- 0.35 (362)       |
|    proven_d_2_pos_husband         | 0.457 +/- 0.50 (35)        |
|    proven_d_2_pos_mother          | 0.927 +/- 0.26 (317)       |
|    proven_d_2_pos_nephew          | 0.644 +/- 0.48 (960)       |
|    proven_d_2_pos_niece           | 0.731 +/- 0.44 (824)       |
|    proven_d_2_pos_sister          | 0.834 +/- 0.37 (356)       |
|    proven_d_2_pos_son             | 0.629 +/- 0.48 (407)       |
|    proven_d_2_pos_uncle           | 0.825 +/- 0.38 (955)       |
|    proven_d_2_pos_wife            | 0.541 +/- 0.50 (37)        |
|    proven_d_4_pos                 | 0.593 +/- 0.49 (118)       |
|    proven_d_4_pos_aunt            | 0.346 +/- 0.48 (26)        |
|    proven_d_4_pos_brother         | 0.875 +/- 0.33 (16)        |
|    proven_d_4_pos_daughter        | 1.000 +/- 0.00 (2)         |
|    proven_d_4_pos_father          | 1.000 +/- 0.00 (7)         |
|    proven_d_4_pos_husband         | 0.000 +/- 0.00 (3)         |
|    proven_d_4_pos_mother          | 0.722 +/- 0.45 (18)        |
|    proven_d_4_pos_nephew          | 0.400 +/- 0.49 (10)        |
|    proven_d_4_pos_niece           | 0.714 +/- 0.45 (7)         |
|    proven_d_4_pos_sister          | 0.714 +/- 0.45 (7)         |
|    proven_d_4_pos_son             | 0.200 +/- 0.40 (10)        |
|    proven_d_4_pos_uncle           | 0.750 +/- 0.43 (12)        |
|    proven_d_6_pos                 | 1.000 +/- 0.00 (1)         |
|    proven_d_6_pos_daughter        | 1.000 +/- 0.00 (1)         |
|    proven_d_unknown_neg           | 0.384 +/- 0.49 (6373)      |
|    proven_d_unknown_neg_<PAD>     | 0.000 +/- 0.00 (10)        |
|    proven_d_unknown_neg_aunt      | 0.521 +/- 0.50 (850)       |
|    proven_d_unknown_neg_brother   | 0.073 +/- 0.26 (358)       |
|    proven_d_unknown_neg_daughter  | 0.470 +/- 0.50 (317)       |
|    proven_d_unknown_neg_father    | 0.577 +/- 0.49 (381)       |
|    proven_d_unknown_neg_husband   | 0.193 +/- 0.39 (301)       |
|    proven_d_unknown_neg_mother    | 0.623 +/- 0.48 (321)       |
|    proven_d_unknown_neg_nephew    | 0.101 +/- 0.30 (998)       |
|    proven_d_unknown_neg_niece     | 0.521 +/- 0.50 (810)       |
|    proven_d_unknown_neg_sister    | 0.260 +/- 0.44 (385)       |
|    proven_d_unknown_neg_son       | 0.076 +/- 0.26 (461)       |
|    proven_d_unknown_neg_uncle     | 0.643 +/- 0.48 (934)       |
|    proven_d_unknown_neg_wife      | 0.368 +/- 0.48 (247)       |
|    proven_neg                     | 0.384 +/- 0.49 (6373)      |
|    proven_pos                     | 0.777 +/- 0.42 (6464)      |
|    reward                         | 0.409 +/- 0.93 (12837)     |
|    reward_d_1_pos                 | 1.000 +/- 0.00 (503)       |
|    reward_d_2_pos                 | 0.522 +/- 0.85 (5842)      |
|    reward_d_4_pos                 | 0.186 +/- 0.98 (118)       |
|    reward_d_6_pos                 | 1.000 +/- 0.00 (1)         |
|    reward_d_unknown_neg           | 0.261 +/- 1.00 (6373)      |
|    reward_neg                     | 0.261 +/- 1.00 (6373)      |
|    reward_pos                     | 0.554 +/- 0.83 (6464)      |
|    success_rate                   | 0.582                      |
|    time/elapsed                   | 51                         |
|    time/iteration_fps             | 2887                       |
|    total_timesteps                | 65536                      |
--------------------------------------------------------------------

[Checkpoint] Saved last train model to /home/castellanoontiv/Batched_env-swarm/family_training/kge_experiments/models/optuna_trial_0_20260125_153422/last_model_train_2026_01_25_15_34_23.pt
[PPO] Rollout collected in 1.67s. Rollout FPS: 19676.56. Reward: 0.415. Timesteps: 98304
[PPO] Early stopping at step 1 due to reaching max kl: 0.34
Epoch 1/5. 
Losses: total 5.42438, value 2.82272, policy 0.10531, entropy -1.54760, approx_kl 0.20103 clip_fraction 0.50592. 
[PPO] Training completed in 3.49s
[Metrics] Reward (train): current=0.411, best=0.422 (iter 1)
--------------------------------------------------------------------
| rollout/                           |                            |
|    ep_len_mean                    | 5.077                      |
|    ep_rew_mean                    | 0.411                      |
|    explained_variance             | -3.027                     |
|    len                            | 5.077 +/- 3.54 (19272)     |
|    len_d_1_pos                    | 1.000 +/- 0.00 (737)       |
|    len_d_2_pos                    | 4.330 +/- 3.57 (8764)      |
|    len_d_4_pos                    | 6.453 +/- 4.44 (172)       |
|    len_d_6_pos                    | 10.000 +/- 0.00 (2)        |
|    len_d_unknown_neg              | 6.047 +/- 3.22 (9597)      |
|    len_neg                        | 6.047 +/- 3.22 (9597)      |
|    len_pos                        | 4.115 +/- 3.58 (9675)      |
|    proven_d_1_pos                 | 1.000 +/- 0.00 (737)       |
|    proven_d_1_pos_husband         | 1.000 +/- 0.00 (392)       |
|    proven_d_1_pos_wife            | 1.000 +/- 0.00 (345)       |
|    proven_d_2_pos                 | 0.762 +/- 0.43 (8764)      |
|    proven_d_2_pos_aunt            | 0.772 +/- 0.42 (1380)      |
|    proven_d_2_pos_brother         | 0.774 +/- 0.42 (558)       |
|    proven_d_2_pos_daughter        | 0.797 +/- 0.40 (482)       |
|    proven_d_2_pos_father          | 0.874 +/- 0.33 (538)       |
|    proven_d_2_pos_husband         | 0.545 +/- 0.50 (55)        |
|    proven_d_2_pos_mother          | 0.924 +/- 0.26 (474)       |
|    proven_d_2_pos_nephew          | 0.644 +/- 0.48 (1444)      |
|    proven_d_2_pos_niece           | 0.732 +/- 0.44 (1225)      |
|    proven_d_2_pos_sister          | 0.845 +/- 0.36 (530)       |
|    proven_d_2_pos_son             | 0.618 +/- 0.49 (599)       |
|    proven_d_2_pos_uncle           | 0.829 +/- 0.38 (1420)      |
|    proven_d_2_pos_wife            | 0.644 +/- 0.48 (59)        |
|    proven_d_4_pos                 | 0.587 +/- 0.49 (172)       |
|    proven_d_4_pos_aunt            | 0.441 +/- 0.50 (34)        |
|    proven_d_4_pos_brother         | 0.864 +/- 0.34 (22)        |
|    proven_d_4_pos_daughter        | 1.000 +/- 0.00 (2)         |
|    proven_d_4_pos_father          | 0.833 +/- 0.37 (12)        |
|    proven_d_4_pos_husband         | 0.000 +/- 0.00 (4)         |
|    proven_d_4_pos_mother          | 0.724 +/- 0.45 (29)        |
|    proven_d_4_pos_nephew          | 0.235 +/- 0.42 (17)        |
|    proven_d_4_pos_niece           | 0.600 +/- 0.49 (10)        |
|    proven_d_4_pos_sister          | 0.727 +/- 0.45 (11)        |
|    proven_d_4_pos_son             | 0.357 +/- 0.48 (14)        |
|    proven_d_4_pos_uncle           | 0.647 +/- 0.48 (17)        |
|    proven_d_6_pos                 | 0.500 +/- 0.50 (2)         |
|    proven_d_6_pos_daughter        | 0.500 +/- 0.50 (2)         |
|    proven_d_unknown_neg           | 0.382 +/- 0.49 (9597)      |
|    proven_d_unknown_neg_<PAD>     | 0.000 +/- 0.00 (13)        |
|    proven_d_unknown_neg_aunt      | 0.517 +/- 0.50 (1250)      |
|    proven_d_unknown_neg_brother   | 0.071 +/- 0.26 (553)       |
|    proven_d_unknown_neg_daughter  | 0.465 +/- 0.50 (490)       |
|    proven_d_unknown_neg_father    | 0.577 +/- 0.49 (567)       |
|    proven_d_unknown_neg_husband   | 0.194 +/- 0.40 (438)       |
|    proven_d_unknown_neg_mother    | 0.602 +/- 0.49 (493)       |
|    proven_d_unknown_neg_nephew    | 0.102 +/- 0.30 (1463)      |
|    proven_d_unknown_neg_niece     | 0.514 +/- 0.50 (1247)      |
|    proven_d_unknown_neg_sister    | 0.280 +/- 0.45 (585)       |
|    proven_d_unknown_neg_son       | 0.077 +/- 0.27 (691)       |
|    proven_d_unknown_neg_uncle     | 0.632 +/- 0.48 (1425)      |
|    proven_d_unknown_neg_wife      | 0.348 +/- 0.48 (382)       |
|    proven_neg                     | 0.382 +/- 0.49 (9597)      |
|    proven_pos                     | 0.777 +/- 0.42 (9675)      |
|    reward                         | 0.411 +/- 0.93 (19272)     |
|    reward_d_1_pos                 | 1.000 +/- 0.00 (737)       |
|    reward_d_2_pos                 | 0.524 +/- 0.85 (8764)      |
|    reward_d_4_pos                 | 0.174 +/- 0.98 (172)       |
|    reward_d_6_pos                 | 0.000 +/- 1.00 (2)         |
|    reward_d_unknown_neg           | 0.266 +/- 1.00 (9597)      |
|    reward_neg                     | 0.266 +/- 1.00 (9597)      |
|    reward_pos                     | 0.554 +/- 0.83 (9675)      |
|    success_rate                   | 0.580                      |
|    time/elapsed                   | 56                         |
|    time/iteration_fps             | 6291                       |
|    total_timesteps                | 98304                      |
--------------------------------------------------------------------

[Checkpoint] Saved last train model to /home/castellanoontiv/Batched_env-swarm/family_training/kge_experiments/models/optuna_trial_0_20260125_153422/last_model_train_2026_01_25_15_34_23.pt
[PPO] Rollout collected in 1.61s. Rollout FPS: 20306.98. Reward: 0.399. Timesteps: 131072
Epoch 1/5. 
Losses: total 4.45171, value 2.34607, policy 0.09261, entropy -1.54248, approx_kl 0.18977 clip_fraction 0.50211. 
Epoch 2/5. 
Losses: total 4.03612, value 2.32644, policy 0.09002, entropy -1.54360, approx_kl 0.18787 clip_fraction 0.50232. 
Epoch 3/5. 
Losses: total 4.46451, value 2.31244, policy 0.09050, entropy -1.54425, approx_kl 0.18853 clip_fraction 0.50003. 
Epoch 4/5. 
Losses: total 3.81541, value 2.30034, policy 0.08985, entropy -1.54512, approx_kl 0.18697 clip_fraction 0.50047. 
Epoch 5/5. 
Losses: total 4.00627, value 2.29009, policy 0.08910, entropy -1.54578, approx_kl 0.18639 clip_fraction 0.50002. 
[PPO] Training completed in 12.54s
[Metrics] Reward (train): current=0.408, best=0.422 (iter 1)
--------------------------------------------------------------------
| rollout/                           |                            |
|    ep_len_mean                    | 5.084                      |
|    ep_rew_mean                    | 0.408                      |
|    explained_variance             | -2.299                     |
|    len                            | 5.084 +/- 3.55 (25699)     |
|    len_d_1_pos                    | 1.000 +/- 0.00 (969)       |
|    len_d_2_pos                    | 4.326 +/- 3.57 (11691)     |
|    len_d_4_pos                    | 6.788 +/- 4.59 (222)       |
|    len_d_6_pos                    | 13.333 +/- 4.71 (3)        |
|    len_d_unknown_neg              | 6.053 +/- 3.23 (12814)     |
|    len_neg                        | 6.053 +/- 3.23 (12814)     |
|    len_pos                        | 4.121 +/- 3.58 (12885)     |
|    proven_d_1_pos                 | 1.000 +/- 0.00 (969)       |
|    proven_d_1_pos_husband         | 1.000 +/- 0.00 (503)       |
|    proven_d_1_pos_wife            | 1.000 +/- 0.00 (466)       |
|    proven_d_2_pos                 | 0.763 +/- 0.42 (11691)     |
|    proven_d_2_pos_aunt            | 0.775 +/- 0.42 (1823)      |
|    proven_d_2_pos_brother         | 0.776 +/- 0.42 (720)       |
|    proven_d_2_pos_daughter        | 0.791 +/- 0.41 (641)       |
|    proven_d_2_pos_father          | 0.877 +/- 0.33 (733)       |
|    proven_d_2_pos_husband         | 0.493 +/- 0.50 (73)        |
|    proven_d_2_pos_mother          | 0.926 +/- 0.26 (638)       |
|    proven_d_2_pos_nephew          | 0.653 +/- 0.48 (1985)      |
|    proven_d_2_pos_niece           | 0.733 +/- 0.44 (1608)      |
|    proven_d_2_pos_sister          | 0.842 +/- 0.37 (707)       |
|    proven_d_2_pos_son             | 0.617 +/- 0.49 (814)       |
|    proven_d_2_pos_uncle           | 0.831 +/- 0.37 (1868)      |
|    proven_d_2_pos_wife            | 0.667 +/- 0.47 (81)        |
|    proven_d_4_pos                 | 0.559 +/- 0.50 (222)       |
|    proven_d_4_pos_aunt            | 0.395 +/- 0.49 (38)        |
|    proven_d_4_pos_brother         | 0.821 +/- 0.38 (28)        |
|    proven_d_4_pos_daughter        | 1.000 +/- 0.00 (2)         |
|    proven_d_4_pos_father          | 0.688 +/- 0.46 (16)        |
|    proven_d_4_pos_husband         | 0.167 +/- 0.37 (6)         |
|    proven_d_4_pos_mother          | 0.742 +/- 0.44 (31)        |
|    proven_d_4_pos_nephew          | 0.259 +/- 0.44 (27)        |
|    proven_d_4_pos_niece           | 0.714 +/- 0.45 (14)        |
|    proven_d_4_pos_sister          | 0.562 +/- 0.50 (16)        |
|    proven_d_4_pos_son             | 0.429 +/- 0.49 (21)        |
|    proven_d_4_pos_uncle           | 0.609 +/- 0.49 (23)        |
|    proven_d_6_pos                 | 0.333 +/- 0.47 (3)         |
|    proven_d_6_pos_daughter        | 0.500 +/- 0.50 (2)         |
|    proven_d_6_pos_nephew          | 0.000 +/- 0.00 (1)         |
|    proven_d_unknown_neg           | 0.385 +/- 0.49 (12814)     |
|    proven_d_unknown_neg_<PAD>     | 0.000 +/- 0.00 (18)        |
|    proven_d_unknown_neg_aunt      | 0.511 +/- 0.50 (1684)      |
|    proven_d_unknown_neg_brother   | 0.074 +/- 0.26 (727)       |
|    proven_d_unknown_neg_daughter  | 0.499 +/- 0.50 (677)       |
|    proven_d_unknown_neg_father    | 0.565 +/- 0.50 (759)       |
|    proven_d_unknown_neg_husband   | 0.195 +/- 0.40 (595)       |
|    proven_d_unknown_neg_mother    | 0.605 +/- 0.49 (666)       |
|    proven_d_unknown_neg_nephew    | 0.104 +/- 0.31 (1954)      |
|    proven_d_unknown_neg_niece     | 0.528 +/- 0.50 (1648)      |
|    proven_d_unknown_neg_sister    | 0.294 +/- 0.46 (769)       |
|    proven_d_unknown_neg_son       | 0.084 +/- 0.28 (914)       |
|    proven_d_unknown_neg_uncle     | 0.629 +/- 0.48 (1885)      |
|    proven_d_unknown_neg_wife      | 0.328 +/- 0.47 (518)       |
|    proven_neg                     | 0.385 +/- 0.49 (12814)     |
|    proven_pos                     | 0.778 +/- 0.42 (12885)     |
|    reward                         | 0.408 +/- 0.93 (25699)     |
|    reward_d_1_pos                 | 1.000 +/- 0.00 (969)       |
|    reward_d_2_pos                 | 0.527 +/- 0.85 (11691)     |
|    reward_d_4_pos                 | 0.117 +/- 0.99 (222)       |
|    reward_d_6_pos                 | -0.333 +/- 0.94 (3)        |
|    reward_d_unknown_neg           | 0.260 +/- 1.00 (12814)     |
|    reward_neg                     | 0.260 +/- 1.00 (12814)     |
|    reward_pos                     | 0.555 +/- 0.83 (12885)     |
|    success_rate                   | 0.582                      |
|    time/elapsed                   | 70                         |
|    time/iteration_fps             | 2306                       |
|    total_timesteps                | 131072                     |
--------------------------------------------------------------------

[Eval] Took 17.69 seconds

[Ranking] MRR: current=0.590, best=0.590 (iter 4)
--------------------------------------------------------------------
| eval/                              |                            |
|    Hits@1                         | 0.575                      |
|    Hits@10                        | 0.607                      |
|    Hits@3                         | 0.585                      |
|    MRR                            | 0.590                      |
|    len_d_-1_pos                   | 8.400                      |
|    len_d_2_pos                    | 4.527                      |
|    len_d_4_pos                    | 11.143                     |
|    len_d_6_pos                    | 8.000                      |
|    len_neg                        | 7.905                      |
|    len_pos                        | 4.970                      |
|    mrr_mean                       | 0.590                      |
|    proven_d_-1_pos                | 0.000                      |
|    proven_d_2_pos                 | 0.635                      |
|    proven_d_4_pos                 | 0.000                      |
|    proven_d_6_pos                 | 0.000                      |
|    proven_neg                     | 0.029                      |
|    proven_pos                     | 0.577                      |
|    reward_d_-1_pos                | 0.000                      |
|    reward_d_2_pos                 | 0.635                      |
|    reward_d_4_pos                 | 0.000                      |
|    reward_d_6_pos                 | 0.000                      |
|    reward_label_neg               | 0.029                      |
|    reward_label_pos               | 0.577                      |
--------------------------------------------------------------------

[Checkpoint] New best eval model saved to /home/castellanoontiv/Batched_env-swarm/family_training/kge_experiments/models/optuna_trial_0_20260125_153422/best_model_eval_2026_01_25_15_34_23.pt (mrr_mean=0.5902)
[Checkpoint] Saved last train model to /home/castellanoontiv/Batched_env-swarm/family_training/kge_experiments/models/optuna_trial_0_20260125_153422/last_model_train_2026_01_25_15_34_23.pt
[PPO] Rollout collected in 1.62s. Rollout FPS: 20271.17. Reward: 0.400. Timesteps: 163840
Epoch 1/5. 
Losses: total 3.21006, value 1.58751, policy 0.08043, entropy -1.55391, approx_kl 0.16768 clip_fraction 0.48117. 
Epoch 2/5. 
Losses: total 3.04515, value 1.57520, policy 0.08006, entropy -1.55466, approx_kl 0.16636 clip_fraction 0.47914. 
Epoch 3/5. 
Losses: total 2.96838, value 1.56802, policy 0.08004, entropy -1.55525, approx_kl 0.16611 clip_fraction 0.47771. 
Epoch 4/5. 
Losses: total 2.96949, value 1.56253, policy 0.07993, entropy -1.55617, approx_kl 0.16516 clip_fraction 0.47598. 
Epoch 5/5. 
Losses: total 3.01123, value 1.55786, policy 0.07914, entropy -1.55698, approx_kl 0.16332 clip_fraction 0.47465. 
[PPO] Training completed in 12.54s
[Metrics] Reward (train): current=0.406, best=0.422 (iter 1)
--------------------------------------------------------------------
| rollout/                           |                            |
|    ep_len_mean                    | 5.094                      |
|    ep_rew_mean                    | 0.406                      |
|    explained_variance             | -1.359                     |
|    len                            | 5.094 +/- 3.55 (32079)     |
|    len_d_1_pos                    | 1.000 +/- 0.00 (1185)      |
|    len_d_2_pos                    | 4.341 +/- 3.59 (14613)     |
|    len_d_4_pos                    | 6.747 +/- 4.37 (277)       |
|    len_d_6_pos                    | 13.250 +/- 4.09 (4)        |
|    len_d_unknown_neg              | 6.054 +/- 3.22 (16000)     |
|    len_neg                        | 6.054 +/- 3.22 (16000)     |
|    len_pos                        | 4.139 +/- 3.60 (16079)     |
|    proven_d_1_pos                 | 1.000 +/- 0.00 (1185)      |
|    proven_d_1_pos_husband         | 1.000 +/- 0.00 (609)       |
|    proven_d_1_pos_wife            | 1.000 +/- 0.00 (576)       |
|    proven_d_2_pos                 | 0.763 +/- 0.43 (14613)     |
|    proven_d_2_pos_aunt            | 0.776 +/- 0.42 (2234)      |
|    proven_d_2_pos_brother         | 0.782 +/- 0.41 (913)       |
|    proven_d_2_pos_daughter        | 0.783 +/- 0.41 (799)       |
|    proven_d_2_pos_father          | 0.869 +/- 0.34 (925)       |
|    proven_d_2_pos_husband         | 0.482 +/- 0.50 (85)        |
|    proven_d_2_pos_mother          | 0.928 +/- 0.26 (803)       |
|    proven_d_2_pos_nephew          | 0.647 +/- 0.48 (2490)      |
|    proven_d_2_pos_niece           | 0.741 +/- 0.44 (1979)      |
|    proven_d_2_pos_sister          | 0.838 +/- 0.37 (876)       |
|    proven_d_2_pos_son             | 0.618 +/- 0.49 (1042)      |
|    proven_d_2_pos_uncle           | 0.832 +/- 0.37 (2369)      |
|    proven_d_2_pos_wife            | 0.633 +/- 0.48 (98)        |
|    proven_d_4_pos                 | 0.567 +/- 0.50 (277)       |
|    proven_d_4_pos_aunt            | 0.408 +/- 0.49 (49)        |
|    proven_d_4_pos_brother         | 0.824 +/- 0.38 (34)        |
|    proven_d_4_pos_daughter        | 1.000 +/- 0.00 (3)         |
|    proven_d_4_pos_father          | 0.750 +/- 0.43 (20)        |
|    proven_d_4_pos_husband         | 0.167 +/- 0.37 (6)         |
|    proven_d_4_pos_mother          | 0.732 +/- 0.44 (41)        |
|    proven_d_4_pos_nephew          | 0.290 +/- 0.45 (31)        |
|    proven_d_4_pos_niece           | 0.714 +/- 0.45 (21)        |
|    proven_d_4_pos_sister          | 0.556 +/- 0.50 (18)        |
|    proven_d_4_pos_son             | 0.345 +/- 0.48 (29)        |
|    proven_d_4_pos_uncle           | 0.640 +/- 0.48 (25)        |
|    proven_d_6_pos                 | 0.500 +/- 0.50 (4)         |
|    proven_d_6_pos_daughter        | 0.500 +/- 0.50 (2)         |
|    proven_d_6_pos_nephew          | 0.500 +/- 0.50 (2)         |
|    proven_d_unknown_neg           | 0.386 +/- 0.49 (16000)     |
|    proven_d_unknown_neg_<PAD>     | 0.000 +/- 0.00 (19)        |
|    proven_d_unknown_neg_aunt      | 0.515 +/- 0.50 (2099)      |
|    proven_d_unknown_neg_brother   | 0.077 +/- 0.27 (906)       |
|    proven_d_unknown_neg_daughter  | 0.500 +/- 0.50 (836)       |
|    proven_d_unknown_neg_father    | 0.574 +/- 0.49 (958)       |
|    proven_d_unknown_neg_husband   | 0.188 +/- 0.39 (728)       |
|    proven_d_unknown_neg_mother    | 0.620 +/- 0.49 (824)       |
|    proven_d_unknown_neg_nephew    | 0.102 +/- 0.30 (2456)      |
|    proven_d_unknown_neg_niece     | 0.529 +/- 0.50 (2046)      |
|    proven_d_unknown_neg_sister    | 0.292 +/- 0.45 (944)       |
|    proven_d_unknown_neg_son       | 0.081 +/- 0.27 (1145)      |
|    proven_d_unknown_neg_uncle     | 0.625 +/- 0.48 (2381)      |
|    proven_d_unknown_neg_wife      | 0.333 +/- 0.47 (658)       |
|    proven_neg                     | 0.386 +/- 0.49 (16000)     |
|    proven_pos                     | 0.777 +/- 0.42 (16079)     |
|    reward                         | 0.406 +/- 0.93 (32079)     |
|    reward_d_1_pos                 | 1.000 +/- 0.00 (1185)      |
|    reward_d_2_pos                 | 0.527 +/- 0.85 (14613)     |
|    reward_d_4_pos                 | 0.134 +/- 0.99 (277)       |
|    reward_d_6_pos                 | 0.000 +/- 1.00 (4)         |
|    reward_d_unknown_neg           | 0.257 +/- 1.00 (16000)     |
|    reward_neg                     | 0.257 +/- 1.00 (16000)     |
|    reward_pos                     | 0.555 +/- 0.83 (16079)     |
|    success_rate                   | 0.582                      |
|    time/elapsed                   | 102                        |
|    time/iteration_fps             | 1026                       |
|    total_timesteps                | 163840                     |
--------------------------------------------------------------------

[Checkpoint] Saved last train model to /home/castellanoontiv/Batched_env-swarm/family_training/kge_experiments/models/optuna_trial_0_20260125_153422/last_model_train_2026_01_25_15_34_23.pt
[PPO] Rollout collected in 1.61s. Rollout FPS: 20311.07. Reward: 0.414. Timesteps: 196608
Epoch 1/5. 
Losses: total 2.75757, value 1.34013, policy 0.07759, entropy -1.56386, approx_kl 0.14000 clip_fraction 0.44641. 
Epoch 2/5. 
Losses: total 2.60092, value 1.32737, policy 0.07306, entropy -1.56434, approx_kl 0.13929 clip_fraction 0.44360. 
Epoch 3/5. 
Losses: total 2.33147, value 1.32020, policy 0.07134, entropy -1.56464, approx_kl 0.13788 clip_fraction 0.44165. 
Epoch 4/5. 
Losses: total 2.57020, value 1.31510, policy 0.07053, entropy -1.56471, approx_kl 0.13687 clip_fraction 0.43984. 
Epoch 5/5. 
Losses: total 2.53410, value 1.31096, policy 0.06949, entropy -1.56496, approx_kl 0.13550 clip_fraction 0.43804. 
[PPO] Training completed in 12.54s
[Metrics] Reward (train): current=0.408, best=0.422 (iter 1)
--------------------------------------------------------------------
| rollout/                           |                            |
|    ep_len_mean                    | 5.087                      |
|    ep_rew_mean                    | 0.408                      |
|    explained_variance             | -0.964                     |
|    len                            | 5.087 +/- 3.55 (38558)     |
|    len_d_1_pos                    | 1.000 +/- 0.00 (1417)      |
|    len_d_2_pos                    | 4.337 +/- 3.61 (17569)     |
|    len_d_4_pos                    | 6.692 +/- 4.30 (328)       |
|    len_d_6_pos                    | 13.250 +/- 4.09 (4)        |
|    len_d_unknown_neg              | 6.045 +/- 3.22 (19240)     |
|    len_neg                        | 6.045 +/- 3.22 (19240)     |
|    len_pos                        | 4.134 +/- 3.61 (19318)     |
|    proven_d_1_pos                 | 1.000 +/- 0.00 (1417)      |
|    proven_d_1_pos_husband         | 1.000 +/- 0.00 (723)       |
|    proven_d_1_pos_wife            | 1.000 +/- 0.00 (694)       |
|    proven_d_2_pos                 | 0.765 +/- 0.42 (17569)     |
|    proven_d_2_pos_aunt            | 0.779 +/- 0.41 (2655)      |
|    proven_d_2_pos_brother         | 0.789 +/- 0.41 (1074)      |
|    proven_d_2_pos_daughter        | 0.787 +/- 0.41 (963)       |
|    proven_d_2_pos_father          | 0.866 +/- 0.34 (1128)      |
|    proven_d_2_pos_husband         | 0.447 +/- 0.50 (103)       |
|    proven_d_2_pos_mother          | 0.926 +/- 0.26 (973)       |
|    proven_d_2_pos_nephew          | 0.652 +/- 0.48 (3009)      |
|    proven_d_2_pos_niece           | 0.738 +/- 0.44 (2385)      |
|    proven_d_2_pos_sister          | 0.845 +/- 0.36 (1055)      |
|    proven_d_2_pos_son             | 0.629 +/- 0.48 (1263)      |
|    proven_d_2_pos_uncle           | 0.831 +/- 0.37 (2845)      |
|    proven_d_2_pos_wife            | 0.621 +/- 0.49 (116)       |
|    proven_d_4_pos                 | 0.564 +/- 0.50 (328)       |
|    proven_d_4_pos_aunt            | 0.424 +/- 0.49 (66)        |
|    proven_d_4_pos_brother         | 0.786 +/- 0.41 (42)        |
|    proven_d_4_pos_daughter        | 1.000 +/- 0.00 (4)         |
|    proven_d_4_pos_father          | 0.696 +/- 0.46 (23)        |
|    proven_d_4_pos_husband         | 0.167 +/- 0.37 (6)         |
|    proven_d_4_pos_mother          | 0.702 +/- 0.46 (47)        |
|    proven_d_4_pos_nephew          | 0.294 +/- 0.46 (34)        |
|    proven_d_4_pos_niece           | 0.731 +/- 0.44 (26)        |
|    proven_d_4_pos_sister          | 0.600 +/- 0.49 (20)        |
|    proven_d_4_pos_son             | 0.333 +/- 0.47 (30)        |
|    proven_d_4_pos_uncle           | 0.633 +/- 0.48 (30)        |
|    proven_d_6_pos                 | 0.500 +/- 0.50 (4)         |
|    proven_d_6_pos_daughter        | 0.500 +/- 0.50 (2)         |
|    proven_d_6_pos_nephew          | 0.500 +/- 0.50 (2)         |
|    proven_d_unknown_neg           | 0.386 +/- 0.49 (19240)     |
|    proven_d_unknown_neg_<PAD>     | 0.000 +/- 0.00 (25)        |
|    proven_d_unknown_neg_aunt      | 0.521 +/- 0.50 (2562)      |
|    proven_d_unknown_neg_brother   | 0.084 +/- 0.28 (1097)      |
|    proven_d_unknown_neg_daughter  | 0.503 +/- 0.50 (989)       |
|    proven_d_unknown_neg_father    | 0.571 +/- 0.49 (1148)      |
|    proven_d_unknown_neg_husband   | 0.179 +/- 0.38 (876)       |
|    proven_d_unknown_neg_mother    | 0.623 +/- 0.48 (987)       |
|    proven_d_unknown_neg_nephew    | 0.104 +/- 0.31 (2985)      |
|    proven_d_unknown_neg_niece     | 0.533 +/- 0.50 (2439)      |
|    proven_d_unknown_neg_sister    | 0.290 +/- 0.45 (1132)      |
|    proven_d_unknown_neg_son       | 0.080 +/- 0.27 (1341)      |
|    proven_d_unknown_neg_uncle     | 0.620 +/- 0.49 (2875)      |
|    proven_d_unknown_neg_wife      | 0.324 +/- 0.47 (784)       |
|    proven_neg                     | 0.386 +/- 0.49 (19240)     |
|    proven_pos                     | 0.779 +/- 0.42 (19318)     |
|    reward                         | 0.408 +/- 0.93 (38558)     |
|    reward_d_1_pos                 | 1.000 +/- 0.00 (1417)      |
|    reward_d_2_pos                 | 0.530 +/- 0.85 (17569)     |
|    reward_d_4_pos                 | 0.128 +/- 0.99 (328)       |
|    reward_d_6_pos                 | 0.000 +/- 1.00 (4)         |
|    reward_d_unknown_neg           | 0.257 +/- 1.00 (19240)     |
|    reward_neg                     | 0.257 +/- 1.00 (19240)     |
|    reward_pos                     | 0.558 +/- 0.83 (19318)     |
|    success_rate                   | 0.583                      |
|    time/elapsed                   | 116                        |
|    time/iteration_fps             | 2302                       |
|    total_timesteps                | 196608                     |
--------------------------------------------------------------------

[Checkpoint] Saved last train model to /home/castellanoontiv/Batched_env-swarm/family_training/kge_experiments/models/optuna_trial_0_20260125_153422/last_model_train_2026_01_25_15_34_23.pt
[PPO] Rollout collected in 1.61s. Rollout FPS: 20324.35. Reward: 0.398. Timesteps: 229376
Epoch 1/5. 
Losses: total 2.45598, value 1.24925, policy 0.07023, entropy -1.56651, approx_kl 0.11703 clip_fraction 0.41055. 
Epoch 2/5. 
Losses: total 2.39259, value 1.23604, policy 0.06827, entropy -1.56234, approx_kl 0.11467 clip_fraction 0.40593. 
Epoch 3/5. 
Losses: total 2.19557, value 1.22979, policy 0.06569, entropy -1.55937, approx_kl 0.11120 clip_fraction 0.40149. 
Epoch 4/5. 
Losses: total 2.33479, value 1.22474, policy 0.06377, entropy -1.55683, approx_kl 0.10947 clip_fraction 0.39716. 
Epoch 5/5. 
Losses: total 2.18203, value 1.22125, policy 0.06297, entropy -1.55488, approx_kl 0.10843 clip_fraction 0.39408. 
[PPO] Training completed in 12.55s
[Metrics] Reward (train): current=0.406, best=0.422 (iter 1)
--------------------------------------------------------------------
| rollout/                           |                            |
|    ep_len_mean                    | 5.074                      |
|    ep_rew_mean                    | 0.406                      |
|    explained_variance             | -0.837                     |
|    len                            | 5.074 +/- 3.55 (45127)     |
|    len_d_1_pos                    | 1.000 +/- 0.00 (1643)      |
|    len_d_2_pos                    | 4.325 +/- 3.60 (20570)     |
|    len_d_4_pos                    | 6.722 +/- 4.24 (385)       |
|    len_d_6_pos                    | 12.200 +/- 4.21 (5)        |
|    len_d_unknown_neg              | 6.024 +/- 3.22 (22524)     |
|    len_neg                        | 6.024 +/- 3.22 (22524)     |
|    len_pos                        | 4.126 +/- 3.60 (22603)     |
|    proven_d_1_pos                 | 1.000 +/- 0.00 (1643)      |
|    proven_d_1_pos_husband         | 1.000 +/- 0.00 (839)       |
|    proven_d_1_pos_wife            | 1.000 +/- 0.00 (804)       |
|    proven_d_2_pos                 | 0.764 +/- 0.42 (20570)     |
|    proven_d_2_pos_aunt            | 0.778 +/- 0.42 (3093)      |
|    proven_d_2_pos_brother         | 0.790 +/- 0.41 (1262)      |
|    proven_d_2_pos_daughter        | 0.785 +/- 0.41 (1128)      |
|    proven_d_2_pos_father          | 0.864 +/- 0.34 (1319)      |
|    proven_d_2_pos_husband         | 0.388 +/- 0.49 (121)       |
|    proven_d_2_pos_mother          | 0.919 +/- 0.27 (1123)      |
|    proven_d_2_pos_nephew          | 0.659 +/- 0.47 (3513)      |
|    proven_d_2_pos_niece           | 0.731 +/- 0.44 (2792)      |
|    proven_d_2_pos_sister          | 0.847 +/- 0.36 (1242)      |
|    proven_d_2_pos_son             | 0.624 +/- 0.48 (1496)      |
|    proven_d_2_pos_uncle           | 0.832 +/- 0.37 (3339)      |
|    proven_d_2_pos_wife            | 0.585 +/- 0.49 (142)       |
|    proven_d_4_pos                 | 0.561 +/- 0.50 (385)       |
|    proven_d_4_pos_aunt            | 0.440 +/- 0.50 (75)        |
|    proven_d_4_pos_brother         | 0.804 +/- 0.40 (46)        |
|    proven_d_4_pos_daughter        | 0.833 +/- 0.37 (6)         |
|    proven_d_4_pos_father          | 0.758 +/- 0.43 (33)        |
|    proven_d_4_pos_husband         | 0.167 +/- 0.37 (6)         |
|    proven_d_4_pos_mother          | 0.655 +/- 0.48 (58)        |
|    proven_d_4_pos_nephew          | 0.282 +/- 0.45 (39)        |
|    proven_d_4_pos_niece           | 0.724 +/- 0.45 (29)        |
|    proven_d_4_pos_sister          | 0.619 +/- 0.49 (21)        |
|    proven_d_4_pos_son             | 0.289 +/- 0.45 (38)        |
|    proven_d_4_pos_uncle           | 0.618 +/- 0.49 (34)        |
|    proven_d_6_pos                 | 0.400 +/- 0.49 (5)         |
|    proven_d_6_pos_daughter        | 0.500 +/- 0.50 (2)         |
|    proven_d_6_pos_nephew          | 0.333 +/- 0.47 (3)         |
|    proven_d_unknown_neg           | 0.387 +/- 0.49 (22524)     |
|    proven_d_unknown_neg_<PAD>     | 0.000 +/- 0.00 (31)        |
|    proven_d_unknown_neg_aunt      | 0.522 +/- 0.50 (2975)      |
|    proven_d_unknown_neg_brother   | 0.085 +/- 0.28 (1276)      |
|    proven_d_unknown_neg_daughter  | 0.505 +/- 0.50 (1163)      |
|    proven_d_unknown_neg_father    | 0.581 +/- 0.49 (1347)      |
|    proven_d_unknown_neg_husband   | 0.170 +/- 0.38 (1017)      |
|    proven_d_unknown_neg_mother    | 0.623 +/- 0.48 (1166)      |
|    proven_d_unknown_neg_nephew    | 0.106 +/- 0.31 (3497)      |
|    proven_d_unknown_neg_niece     | 0.533 +/- 0.50 (2858)      |
|    proven_d_unknown_neg_sister    | 0.294 +/- 0.46 (1297)      |
|    proven_d_unknown_neg_son       | 0.081 +/- 0.27 (1579)      |
|    proven_d_unknown_neg_uncle     | 0.620 +/- 0.49 (3384)      |
|    proven_d_unknown_neg_wife      | 0.300 +/- 0.46 (934)       |
|    proven_neg                     | 0.387 +/- 0.49 (22524)     |
|    proven_pos                     | 0.777 +/- 0.42 (22603)     |
|    reward                         | 0.406 +/- 0.93 (45127)     |
|    reward_d_1_pos                 | 1.000 +/- 0.00 (1643)      |
|    reward_d_2_pos                 | 0.527 +/- 0.85 (20570)     |
|    reward_d_4_pos                 | 0.122 +/- 0.99 (385)       |
|    reward_d_6_pos                 | -0.200 +/- 0.98 (5)        |
|    reward_d_unknown_neg           | 0.257 +/- 1.00 (22524)     |
|    reward_neg                     | 0.257 +/- 1.00 (22524)     |
|    reward_pos                     | 0.555 +/- 0.83 (22603)     |
|    success_rate                   | 0.582                      |
|    time/elapsed                   | 131                        |
|    time/iteration_fps             | 2299                       |
|    total_timesteps                | 229376                     |
--------------------------------------------------------------------

[Checkpoint] Saved last train model to /home/castellanoontiv/Batched_env-swarm/family_training/kge_experiments/models/optuna_trial_0_20260125_153422/last_model_train_2026_01_25_15_34_23.pt
[PPO] Rollout collected in 1.60s. Rollout FPS: 20442.19. Reward: 0.411. Timesteps: 262144
Epoch 1/5. 
Losses: total 2.39225, value 1.26250, policy 0.04744, entropy -1.53714, approx_kl 0.09691 clip_fraction 0.35974. 
Epoch 2/5. 
Losses: total 2.23436, value 1.24544, policy 0.04447, entropy -1.54050, approx_kl 0.09563 clip_fraction 0.35568. 
Epoch 3/5. 
Losses: total 2.31775, value 1.23796, policy 0.04425, entropy -1.54326, approx_kl 0.09558 clip_fraction 0.35324. 
Epoch 4/5. 
Losses: total 2.30120, value 1.23379, policy 0.04443, entropy -1.54469, approx_kl 0.09516 clip_fraction 0.35091. 
Epoch 5/5. 
Losses: total 2.38830, value 1.23036, policy 0.04356, entropy -1.54580, approx_kl 0.09419 clip_fraction 0.34922. 
[PPO] Training completed in 12.54s
[Metrics] Reward (train): current=0.407, best=0.422 (iter 1)
--------------------------------------------------------------------
| rollout/                           |                            |
|    ep_len_mean                    | 5.078                      |
|    ep_rew_mean                    | 0.407                      |
|    explained_variance             | -0.803                     |
|    len                            | 5.078 +/- 3.55 (51541)     |
|    len_d_1_pos                    | 1.000 +/- 0.00 (1883)      |
|    len_d_2_pos                    | 4.329 +/- 3.61 (23479)     |
|    len_d_4_pos                    | 6.612 +/- 4.19 (443)       |
|    len_d_6_pos                    | 11.500 +/- 4.15 (6)        |
|    len_d_unknown_neg              | 6.033 +/- 3.23 (25730)     |
|    len_neg                        | 6.033 +/- 3.23 (25730)     |
|    len_pos                        | 4.127 +/- 3.61 (25811)     |
|    proven_d_1_pos                 | 1.000 +/- 0.00 (1883)      |
|    proven_d_1_pos_husband         | 1.000 +/- 0.00 (969)       |
|    proven_d_1_pos_wife            | 1.000 +/- 0.00 (914)       |
|    proven_d_2_pos                 | 0.766 +/- 0.42 (23479)     |
|    proven_d_2_pos_aunt            | 0.783 +/- 0.41 (3479)      |
|    proven_d_2_pos_brother         | 0.793 +/- 0.41 (1434)      |
|    proven_d_2_pos_daughter        | 0.782 +/- 0.41 (1288)      |
|    proven_d_2_pos_father          | 0.866 +/- 0.34 (1499)      |
|    proven_d_2_pos_husband         | 0.381 +/- 0.49 (147)       |
|    proven_d_2_pos_mother          | 0.915 +/- 0.28 (1274)      |
|    proven_d_2_pos_nephew          | 0.668 +/- 0.47 (4039)      |
|    proven_d_2_pos_niece           | 0.735 +/- 0.44 (3170)      |
|    proven_d_2_pos_sister          | 0.850 +/- 0.36 (1421)      |
|    proven_d_2_pos_son             | 0.621 +/- 0.49 (1706)      |
|    proven_d_2_pos_uncle           | 0.831 +/- 0.38 (3856)      |
|    proven_d_2_pos_wife            | 0.566 +/- 0.50 (166)       |
|    proven_d_4_pos                 | 0.567 +/- 0.50 (443)       |
|    proven_d_4_pos_aunt            | 0.442 +/- 0.50 (86)        |
|    proven_d_4_pos_brother         | 0.820 +/- 0.38 (61)        |
|    proven_d_4_pos_daughter        | 0.857 +/- 0.35 (7)         |
|    proven_d_4_pos_father          | 0.765 +/- 0.42 (34)        |
|    proven_d_4_pos_husband         | 0.143 +/- 0.35 (7)         |
|    proven_d_4_pos_mother          | 0.667 +/- 0.47 (66)        |
|    proven_d_4_pos_nephew          | 0.283 +/- 0.45 (46)        |
|    proven_d_4_pos_niece           | 0.688 +/- 0.46 (32)        |
|    proven_d_4_pos_sister          | 0.625 +/- 0.48 (24)        |
|    proven_d_4_pos_son             | 0.341 +/- 0.47 (44)        |
|    proven_d_4_pos_uncle           | 0.583 +/- 0.49 (36)        |
|    proven_d_6_pos                 | 0.500 +/- 0.50 (6)         |
|    proven_d_6_pos_daughter        | 0.667 +/- 0.47 (3)         |
|    proven_d_6_pos_nephew          | 0.333 +/- 0.47 (3)         |
|    proven_d_unknown_neg           | 0.388 +/- 0.49 (25730)     |
|    proven_d_unknown_neg_<PAD>     | 0.000 +/- 0.00 (32)        |
|    proven_d_unknown_neg_aunt      | 0.523 +/- 0.50 (3406)      |
|    proven_d_unknown_neg_brother   | 0.084 +/- 0.28 (1460)      |
|    proven_d_unknown_neg_daughter  | 0.510 +/- 0.50 (1326)      |
|    proven_d_unknown_neg_father    | 0.591 +/- 0.49 (1559)      |
|    proven_d_unknown_neg_husband   | 0.168 +/- 0.37 (1157)      |
|    proven_d_unknown_neg_mother    | 0.631 +/- 0.48 (1318)      |
|    proven_d_unknown_neg_nephew    | 0.106 +/- 0.31 (3999)      |
|    proven_d_unknown_neg_niece     | 0.531 +/- 0.50 (3271)      |
|    proven_d_unknown_neg_sister    | 0.309 +/- 0.46 (1496)      |
|    proven_d_unknown_neg_son       | 0.082 +/- 0.27 (1789)      |
|    proven_d_unknown_neg_uncle     | 0.619 +/- 0.49 (3859)      |
|    proven_d_unknown_neg_wife      | 0.282 +/- 0.45 (1058)      |
|    proven_neg                     | 0.388 +/- 0.49 (25730)     |
|    proven_pos                     | 0.779 +/- 0.41 (25811)     |
|    reward                         | 0.407 +/- 0.93 (51541)     |
|    reward_d_1_pos                 | 1.000 +/- 0.00 (1883)      |
|    reward_d_2_pos                 | 0.532 +/- 0.85 (23479)     |
|    reward_d_4_pos                 | 0.133 +/- 0.99 (443)       |
|    reward_d_6_pos                 | 0.000 +/- 1.00 (6)         |
|    reward_d_unknown_neg           | 0.254 +/- 1.00 (25730)     |
|    reward_neg                     | 0.254 +/- 1.00 (25730)     |
|    reward_pos                     | 0.559 +/- 0.83 (25811)     |
|    success_rate                   | 0.584                      |
|    time/elapsed                   | 145                        |
|    time/iteration_fps             | 2300                       |
|    total_timesteps                | 262144                     |
--------------------------------------------------------------------

[Eval] Took 21.02 seconds

[Ranking] MRR: current=0.601, best=0.601 (iter 8)
--------------------------------------------------------------------
| eval/                              |                            |
|    Hits@1                         | 0.585                      |
|    Hits@10                        | 0.617                      |
|    Hits@3                         | 0.595                      |
|    MRR                            | 0.601                      |
|    len_d_-1_pos                   | 7.600                      |
|    len_d_2_pos                    | 4.412                      |
|    len_d_4_pos                    | 9.143                      |
|    len_d_6_pos                    | 10.000                     |
|    len_neg                        | 7.778                      |
|    len_pos                        | 4.765                      |
|    mrr_mean                       | 0.601                      |
|    proven_d_-1_pos                | 0.000                      |
|    proven_d_2_pos                 | 0.651                      |
|    proven_d_4_pos                 | 0.000                      |
|    proven_d_6_pos                 | 0.000                      |
|    proven_neg                     | 0.020                      |
|    proven_pos                     | 0.592                      |
|    reward_d_-1_pos                | 0.000                      |
|    reward_d_2_pos                 | 0.651                      |
|    reward_d_4_pos                 | 0.000                      |
|    reward_d_6_pos                 | 0.000                      |
|    reward_label_neg               | 0.020                      |
|    reward_label_pos               | 0.592                      |
--------------------------------------------------------------------

[Checkpoint] New best eval model saved to /home/castellanoontiv/Batched_env-swarm/family_training/kge_experiments/models/optuna_trial_0_20260125_153422/best_model_eval_2026_01_25_15_34_23.pt (mrr_mean=0.6012)
[Checkpoint] Saved last train model to /home/castellanoontiv/Batched_env-swarm/family_training/kge_experiments/models/optuna_trial_0_20260125_153422/last_model_train_2026_01_25_15_34_23.pt
[PPO] Rollout collected in 1.60s. Rollout FPS: 20472.98. Reward: 0.402. Timesteps: 294912
Epoch 1/5. 
Losses: total 2.66344, value 1.33762, policy 0.05018, entropy -1.55473, approx_kl 0.07397 clip_fraction 0.30313. 
Epoch 2/5. 
Losses: total 2.50941, value 1.31202, policy 0.04894, entropy -1.55107, approx_kl 0.07212 clip_fraction 0.29784. 
Epoch 3/5. 
Losses: total 2.42747, value 1.30196, policy 0.04686, entropy -1.54720, approx_kl 0.07052 clip_fraction 0.29471. 
Epoch 4/5. 
Losses: total 2.37639, value 1.29607, policy 0.04483, entropy -1.54434, approx_kl 0.06908 clip_fraction 0.29195. 
Epoch 5/5. 
Losses: total 2.45003, value 1.29201, policy 0.04309, entropy -1.54259, approx_kl 0.06796 clip_fraction 0.28835. 
[PPO] Training completed in 12.56s
[Metrics] Reward (train): current=0.406, best=0.422 (iter 1)
--------------------------------------------------------------------
| rollout/                           |                            |
|    ep_len_mean                    | 5.076                      |
|    ep_rew_mean                    | 0.406                      |
|    explained_variance             | -0.898                     |
|    len                            | 5.076 +/- 3.56 (58017)     |
|    len_d_1_pos                    | 1.000 +/- 0.00 (2129)      |
|    len_d_2_pos                    | 4.333 +/- 3.62 (26418)     |
|    len_d_4_pos                    | 6.601 +/- 4.18 (494)       |
|    len_d_6_pos                    | 11.500 +/- 4.15 (6)        |
|    len_d_unknown_neg              | 6.025 +/- 3.23 (28970)     |
|    len_neg                        | 6.025 +/- 3.23 (28970)     |
|    len_pos                        | 4.128 +/- 3.62 (29047)     |
|    proven_d_1_pos                 | 1.000 +/- 0.00 (2129)      |
|    proven_d_1_pos_husband         | 1.000 +/- 0.00 (1084)      |
|    proven_d_1_pos_wife            | 1.000 +/- 0.00 (1045)      |
|    proven_d_2_pos                 | 0.767 +/- 0.42 (26418)     |
|    proven_d_2_pos_aunt            | 0.775 +/- 0.42 (3906)      |
|    proven_d_2_pos_brother         | 0.796 +/- 0.40 (1608)      |
|    proven_d_2_pos_daughter        | 0.786 +/- 0.41 (1466)      |
|    proven_d_2_pos_father          | 0.862 +/- 0.34 (1678)      |
|    proven_d_2_pos_husband         | 0.389 +/- 0.49 (167)       |
|    proven_d_2_pos_mother          | 0.914 +/- 0.28 (1431)      |
|    proven_d_2_pos_nephew          | 0.674 +/- 0.47 (4541)      |
|    proven_d_2_pos_niece           | 0.741 +/- 0.44 (3565)      |
|    proven_d_2_pos_sister          | 0.851 +/- 0.36 (1603)      |
|    proven_d_2_pos_son             | 0.627 +/- 0.48 (1934)      |
|    proven_d_2_pos_uncle           | 0.833 +/- 0.37 (4335)      |
|    proven_d_2_pos_wife            | 0.549 +/- 0.50 (184)       |
|    proven_d_4_pos                 | 0.569 +/- 0.50 (494)       |
|    proven_d_4_pos_aunt            | 0.458 +/- 0.50 (96)        |
|    proven_d_4_pos_brother         | 0.797 +/- 0.40 (69)        |
|    proven_d_4_pos_daughter        | 0.778 +/- 0.42 (9)         |
|    proven_d_4_pos_father          | 0.778 +/- 0.42 (36)        |
|    proven_d_4_pos_husband         | 0.143 +/- 0.35 (7)         |
|    proven_d_4_pos_mother          | 0.640 +/- 0.48 (75)        |
|    proven_d_4_pos_nephew          | 0.312 +/- 0.46 (48)        |
|    proven_d_4_pos_niece           | 0.658 +/- 0.47 (38)        |
|    proven_d_4_pos_sister          | 0.640 +/- 0.48 (25)        |
|    proven_d_4_pos_son             | 0.353 +/- 0.48 (51)        |
|    proven_d_4_pos_uncle           | 0.600 +/- 0.49 (40)        |
|    proven_d_6_pos                 | 0.500 +/- 0.50 (6)         |
|    proven_d_6_pos_daughter        | 0.667 +/- 0.47 (3)         |
|    proven_d_6_pos_nephew          | 0.333 +/- 0.47 (3)         |
|    proven_d_unknown_neg           | 0.390 +/- 0.49 (28970)     |
|    proven_d_unknown_neg_<PAD>     | 0.000 +/- 0.00 (35)        |
|    proven_d_unknown_neg_aunt      | 0.531 +/- 0.50 (3835)      |
|    proven_d_unknown_neg_brother   | 0.087 +/- 0.28 (1640)      |
|    proven_d_unknown_neg_daughter  | 0.509 +/- 0.50 (1516)      |
|    proven_d_unknown_neg_father    | 0.592 +/- 0.49 (1745)      |
|    proven_d_unknown_neg_husband   | 0.168 +/- 0.37 (1308)      |
|    proven_d_unknown_neg_mother    | 0.627 +/- 0.48 (1478)      |
|    proven_d_unknown_neg_nephew    | 0.108 +/- 0.31 (4503)      |
|    proven_d_unknown_neg_niece     | 0.532 +/- 0.50 (3702)      |
|    proven_d_unknown_neg_sister    | 0.324 +/- 0.47 (1666)      |
|    proven_d_unknown_neg_son       | 0.080 +/- 0.27 (2020)      |
|    proven_d_unknown_neg_uncle     | 0.620 +/- 0.49 (4336)      |
|    proven_d_unknown_neg_wife      | 0.272 +/- 0.44 (1186)      |
|    proven_neg                     | 0.390 +/- 0.49 (28970)     |
|    proven_pos                     | 0.781 +/- 0.41 (29047)     |
|    reward                         | 0.406 +/- 0.93 (58017)     |
|    reward_d_1_pos                 | 1.000 +/- 0.00 (2129)      |
|    reward_d_2_pos                 | 0.534 +/- 0.85 (26418)     |
|    reward_d_4_pos                 | 0.138 +/- 0.99 (494)       |
|    reward_d_6_pos                 | 0.000 +/- 1.00 (6)         |
|    reward_d_unknown_neg           | 0.250 +/- 1.00 (28970)     |
|    reward_neg                     | 0.250 +/- 1.00 (28970)     |
|    reward_pos                     | 0.562 +/- 0.83 (29047)     |
|    success_rate                   | 0.586                      |
|    time/elapsed                   | 180                        |
|    time/iteration_fps             | 928                        |
|    total_timesteps                | 294912                     |
--------------------------------------------------------------------

[Checkpoint] Saved last train model to /home/castellanoontiv/Batched_env-swarm/family_training/kge_experiments/models/optuna_trial_0_20260125_153422/last_model_train_2026_01_25_15_34_23.pt
[PPO] Rollout collected in 1.61s. Rollout FPS: 20359.62. Reward: 0.412. Timesteps: 327680
Epoch 1/5. 
Losses: total 2.45110, value 1.44199, policy 0.02679, entropy -1.53776, approx_kl 0.06556 clip_fraction 0.26300. 
Epoch 2/5. 
Losses: total 2.74236, value 1.41647, policy 0.02578, entropy -1.54562, approx_kl 0.06473 clip_fraction 0.26091. 
Epoch 3/5. 
Losses: total 2.79372, value 1.40463, policy 0.02457, entropy -1.55305, approx_kl 0.06589 clip_fraction 0.26226. 
Epoch 4/5. 
Losses: total 2.61464, value 1.39784, policy 0.02403, entropy -1.55974, approx_kl 0.06667 clip_fraction 0.26171. 
Epoch 5/5. 
Losses: total 2.51085, value 1.39380, policy 0.02385, entropy -1.56521, approx_kl 0.06727 clip_fraction 0.26271. 
[PPO] Training completed in 12.60s
[Metrics] Reward (train): current=0.407, best=0.422 (iter 1)
--------------------------------------------------------------------
| rollout/                           |                            |
|    ep_len_mean                    | 5.077                      |
|    ep_rew_mean                    | 0.407                      |
|    explained_variance             | -1.054                     |
|    len                            | 5.077 +/- 3.56 (64449)     |
|    len_d_1_pos                    | 1.000 +/- 0.00 (2372)      |
|    len_d_2_pos                    | 4.332 +/- 3.62 (29327)     |
|    len_d_4_pos                    | 6.541 +/- 4.14 (555)       |
|    len_d_6_pos                    | 11.500 +/- 4.15 (6)        |
|    len_d_unknown_neg              | 6.029 +/- 3.24 (32189)     |
|    len_neg                        | 6.029 +/- 3.24 (32189)     |
|    len_pos                        | 4.127 +/- 3.62 (32260)     |
|    proven_d_1_pos                 | 1.000 +/- 0.00 (2372)      |
|    proven_d_1_pos_husband         | 1.000 +/- 0.00 (1199)      |
|    proven_d_1_pos_wife            | 1.000 +/- 0.00 (1173)      |
|    proven_d_2_pos                 | 0.769 +/- 0.42 (29327)     |
|    proven_d_2_pos_aunt            | 0.779 +/- 0.42 (4308)      |
|    proven_d_2_pos_brother         | 0.797 +/- 0.40 (1796)      |
|    proven_d_2_pos_daughter        | 0.787 +/- 0.41 (1641)      |
|    proven_d_2_pos_father          | 0.863 +/- 0.34 (1843)      |
|    proven_d_2_pos_husband         | 0.369 +/- 0.48 (187)       |
|    proven_d_2_pos_mother          | 0.914 +/- 0.28 (1596)      |
|    proven_d_2_pos_nephew          | 0.677 +/- 0.47 (5025)      |
|    proven_d_2_pos_niece           | 0.741 +/- 0.44 (3986)      |
|    proven_d_2_pos_sister          | 0.850 +/- 0.36 (1778)      |
|    proven_d_2_pos_son             | 0.624 +/- 0.48 (2149)      |
|    proven_d_2_pos_uncle           | 0.839 +/- 0.37 (4814)      |
|    proven_d_2_pos_wife            | 0.534 +/- 0.50 (204)       |
|    proven_d_4_pos                 | 0.577 +/- 0.49 (555)       |
|    proven_d_4_pos_aunt            | 0.463 +/- 0.50 (108)       |
|    proven_d_4_pos_brother         | 0.816 +/- 0.39 (76)        |
|    proven_d_4_pos_daughter        | 0.778 +/- 0.42 (9)         |
|    proven_d_4_pos_father          | 0.756 +/- 0.43 (41)        |
|    proven_d_4_pos_husband         | 0.100 +/- 0.30 (10)        |
|    proven_d_4_pos_mother          | 0.655 +/- 0.48 (84)        |
|    proven_d_4_pos_nephew          | 0.314 +/- 0.46 (51)        |
|    proven_d_4_pos_niece           | 0.698 +/- 0.46 (43)        |
|    proven_d_4_pos_sister          | 0.679 +/- 0.47 (28)        |
|    proven_d_4_pos_son             | 0.339 +/- 0.47 (59)        |
|    proven_d_4_pos_uncle           | 0.630 +/- 0.48 (46)        |
|    proven_d_6_pos                 | 0.500 +/- 0.50 (6)         |
|    proven_d_6_pos_daughter        | 0.667 +/- 0.47 (3)         |
|    proven_d_6_pos_nephew          | 0.333 +/- 0.47 (3)         |
|    proven_d_unknown_neg           | 0.391 +/- 0.49 (32189)     |
|    proven_d_unknown_neg_<PAD>     | 0.000 +/- 0.00 (38)        |
|    proven_d_unknown_neg_aunt      | 0.535 +/- 0.50 (4267)      |
|    proven_d_unknown_neg_brother   | 0.089 +/- 0.28 (1852)      |
|    proven_d_unknown_neg_daughter  | 0.512 +/- 0.50 (1694)      |
|    proven_d_unknown_neg_father    | 0.589 +/- 0.49 (1934)      |
|    proven_d_unknown_neg_husband   | 0.159 +/- 0.37 (1463)      |
|    proven_d_unknown_neg_mother    | 0.634 +/- 0.48 (1647)      |
|    proven_d_unknown_neg_nephew    | 0.110 +/- 0.31 (4966)      |
|    proven_d_unknown_neg_niece     | 0.532 +/- 0.50 (4102)      |
|    proven_d_unknown_neg_sister    | 0.332 +/- 0.47 (1846)      |
|    proven_d_unknown_neg_son       | 0.079 +/- 0.27 (2257)      |
|    proven_d_unknown_neg_uncle     | 0.622 +/- 0.48 (4824)      |
|    proven_d_unknown_neg_wife      | 0.261 +/- 0.44 (1299)      |
|    proven_neg                     | 0.391 +/- 0.49 (32189)     |
|    proven_pos                     | 0.783 +/- 0.41 (32260)     |
|    reward                         | 0.407 +/- 0.93 (64449)     |
|    reward_d_1_pos                 | 1.000 +/- 0.00 (2372)      |
|    reward_d_2_pos                 | 0.538 +/- 0.84 (29327)     |
|    reward_d_4_pos                 | 0.153 +/- 0.99 (555)       |
|    reward_d_6_pos                 | 0.000 +/- 1.00 (6)         |
|    reward_d_unknown_neg           | 0.248 +/- 1.00 (32189)     |
|    reward_neg                     | 0.248 +/- 1.00 (32189)     |
|    reward_pos                     | 0.565 +/- 0.83 (32260)     |
|    success_rate                   | 0.587                      |
|    time/elapsed                   | 195                        |
|    time/iteration_fps             | 2285                       |
|    total_timesteps                | 327680                     |
--------------------------------------------------------------------

[Checkpoint] Saved last train model to /home/castellanoontiv/Batched_env-swarm/family_training/kge_experiments/models/optuna_trial_0_20260125_153422/last_model_train_2026_01_25_15_34_23.pt
[PPO] Rollout collected in 1.63s. Rollout FPS: 20134.44. Reward: 0.399. Timesteps: 360448
Epoch 1/5. 
Losses: total 2.17194, value 1.18960, policy 0.03316, entropy -1.57718, approx_kl 0.04823 clip_fraction 0.21591. 
Epoch 2/5. 
Losses: total 2.06988, value 1.16770, policy 0.03137, entropy -1.57327, approx_kl 0.04690 clip_fraction 0.21382. 
Epoch 3/5. 
Losses: total 2.43475, value 1.15703, policy 0.03040, entropy -1.56974, approx_kl 0.04583 clip_fraction 0.20949. 
Epoch 4/5. 
Losses: total 2.32067, value 1.15144, policy 0.02929, entropy -1.56669, approx_kl 0.04499 clip_fraction 0.20717. 
Epoch 5/5. 
Losses: total 2.14524, value 1.14694, policy 0.02806, entropy -1.56457, approx_kl 0.04419 clip_fraction 0.20409. 
[PPO] Training completed in 12.62s
[Metrics] Reward (train): current=0.406, best=0.422 (iter 1)
--------------------------------------------------------------------
| rollout/                           |                            |
|    ep_len_mean                    | 5.069                      |
|    ep_rew_mean                    | 0.406                      |
|    explained_variance             | -0.806                     |
|    len                            | 5.069 +/- 3.56 (71023)     |
|    len_d_1_pos                    | 1.000 +/- 0.00 (2624)      |
|    len_d_2_pos                    | 4.334 +/- 3.62 (32306)     |
|    len_d_4_pos                    | 6.509 +/- 4.08 (613)       |
|    len_d_6_pos                    | 10.500 +/- 4.58 (8)        |
|    len_d_unknown_neg              | 6.013 +/- 3.24 (35472)     |
|    len_neg                        | 6.013 +/- 3.24 (35472)     |
|    len_pos                        | 4.127 +/- 3.62 (35551)     |
|    proven_d_1_pos                 | 1.000 +/- 0.00 (2624)      |
|    proven_d_1_pos_husband         | 1.000 +/- 0.00 (1316)      |
|    proven_d_1_pos_wife            | 1.000 +/- 0.00 (1308)      |
|    proven_d_2_pos                 | 0.769 +/- 0.42 (32306)     |
|    proven_d_2_pos_aunt            | 0.781 +/- 0.41 (4733)      |
|    proven_d_2_pos_brother         | 0.798 +/- 0.40 (1982)      |
|    proven_d_2_pos_daughter        | 0.787 +/- 0.41 (1825)      |
|    proven_d_2_pos_father          | 0.860 +/- 0.35 (1999)      |
|    proven_d_2_pos_husband         | 0.338 +/- 0.47 (213)       |
|    proven_d_2_pos_mother          | 0.914 +/- 0.28 (1760)      |
|    proven_d_2_pos_nephew          | 0.681 +/- 0.47 (5519)      |
|    proven_d_2_pos_niece           | 0.738 +/- 0.44 (4390)      |
|    proven_d_2_pos_sister          | 0.848 +/- 0.36 (1977)      |
|    proven_d_2_pos_son             | 0.623 +/- 0.48 (2388)      |
|    proven_d_2_pos_uncle           | 0.838 +/- 0.37 (5298)      |
|    proven_d_2_pos_wife            | 0.514 +/- 0.50 (222)       |
|    proven_d_4_pos                 | 0.591 +/- 0.49 (613)       |
|    proven_d_4_pos_aunt            | 0.488 +/- 0.50 (121)       |
|    proven_d_4_pos_brother         | 0.827 +/- 0.38 (81)        |
|    proven_d_4_pos_daughter        | 0.700 +/- 0.46 (10)        |
|    proven_d_4_pos_father          | 0.761 +/- 0.43 (46)        |
|    proven_d_4_pos_husband         | 0.091 +/- 0.29 (11)        |
|    proven_d_4_pos_mother          | 0.674 +/- 0.47 (92)        |
|    proven_d_4_pos_nephew          | 0.321 +/- 0.47 (56)        |
|    proven_d_4_pos_niece           | 0.706 +/- 0.46 (51)        |
|    proven_d_4_pos_sister          | 0.735 +/- 0.44 (34)        |
|    proven_d_4_pos_son             | 0.328 +/- 0.47 (61)        |
|    proven_d_4_pos_uncle           | 0.640 +/- 0.48 (50)        |
|    proven_d_6_pos                 | 0.500 +/- 0.50 (8)         |
|    proven_d_6_pos_aunt            | 0.500 +/- 0.50 (2)         |
|    proven_d_6_pos_daughter        | 0.667 +/- 0.47 (3)         |
|    proven_d_6_pos_nephew          | 0.333 +/- 0.47 (3)         |
|    proven_d_unknown_neg           | 0.392 +/- 0.49 (35472)     |
|    proven_d_unknown_neg_<PAD>     | 0.000 +/- 0.00 (40)        |
|    proven_d_unknown_neg_aunt      | 0.540 +/- 0.50 (4693)      |
|    proven_d_unknown_neg_brother   | 0.091 +/- 0.29 (2030)      |
|    proven_d_unknown_neg_daughter  | 0.512 +/- 0.50 (1869)      |
|    proven_d_unknown_neg_father    | 0.589 +/- 0.49 (2144)      |
|    proven_d_unknown_neg_husband   | 0.152 +/- 0.36 (1610)      |
|    proven_d_unknown_neg_mother    | 0.642 +/- 0.48 (1820)      |
|    proven_d_unknown_neg_nephew    | 0.111 +/- 0.31 (5470)      |
|    proven_d_unknown_neg_niece     | 0.535 +/- 0.50 (4501)      |
|    proven_d_unknown_neg_sister    | 0.344 +/- 0.47 (2029)      |
|    proven_d_unknown_neg_son       | 0.080 +/- 0.27 (2496)      |
|    proven_d_unknown_neg_uncle     | 0.621 +/- 0.49 (5331)      |
|    proven_d_unknown_neg_wife      | 0.240 +/- 0.43 (1439)      |
|    proven_neg                     | 0.392 +/- 0.49 (35472)     |
|    proven_pos                     | 0.783 +/- 0.41 (35551)     |
|    reward                         | 0.406 +/- 0.93 (71023)     |
|    reward_d_1_pos                 | 1.000 +/- 0.00 (2624)      |
|    reward_d_2_pos                 | 0.537 +/- 0.84 (32306)     |
|    reward_d_4_pos                 | 0.181 +/- 0.98 (613)       |
|    reward_d_6_pos                 | 0.000 +/- 1.00 (8)         |
|    reward_d_unknown_neg           | 0.247 +/- 1.01 (35472)     |
|    reward_neg                     | 0.247 +/- 1.01 (35472)     |
|    reward_pos                     | 0.565 +/- 0.83 (35551)     |
|    success_rate                   | 0.588                      |
|    time/elapsed                   | 209                        |
|    time/iteration_fps             | 2277                       |
|    total_timesteps                | 360448                     |
--------------------------------------------------------------------

[Checkpoint] Saved last train model to /home/castellanoontiv/Batched_env-swarm/family_training/kge_experiments/models/optuna_trial_0_20260125_153422/last_model_train_2026_01_25_15_34_23.pt
[PPO] Rollout collected in 1.62s. Rollout FPS: 20254.84. Reward: 0.393. Timesteps: 393216
Epoch 1/5. 
Losses: total 2.25749, value 1.24236, policy 0.01757, entropy -1.56153, approx_kl 0.04649 clip_fraction 0.19614. 
Epoch 2/5. 
Losses: total 2.29392, value 1.22006, policy 0.01822, entropy -1.56846, approx_kl 0.04641 clip_fraction 0.19398. 
Epoch 3/5. 
Losses: total 2.40358, value 1.20956, policy 0.01756, entropy -1.57519, approx_kl 0.04676 clip_fraction 0.19305. 
Epoch 4/5. 
Losses: total 2.09868, value 1.20324, policy 0.01595, entropy -1.58015, approx_kl 0.04699 clip_fraction 0.19318. 
Epoch 5/5. 
Losses: total 2.14578, value 1.19953, policy 0.01530, entropy -1.58464, approx_kl 0.04745 clip_fraction 0.19386. 
[PPO] Training completed in 12.59s
[Metrics] Reward (train): current=0.405, best=0.422 (iter 1)
--------------------------------------------------------------------
| rollout/                           |                            |
|    ep_len_mean                    | 5.063                      |
|    ep_rew_mean                    | 0.405                      |
|    explained_variance             | -0.797                     |
|    len                            | 5.063 +/- 3.56 (77573)     |
|    len_d_1_pos                    | 1.000 +/- 0.00 (2858)      |
|    len_d_2_pos                    | 4.337 +/- 3.62 (35292)     |
|    len_d_4_pos                    | 6.499 +/- 4.14 (665)       |
|    len_d_6_pos                    | 10.500 +/- 4.58 (8)        |
|    len_d_unknown_neg              | 5.998 +/- 3.24 (38750)     |
|    len_neg                        | 5.998 +/- 3.24 (38750)     |
|    len_pos                        | 4.130 +/- 3.62 (38823)     |
|    proven_d_1_pos                 | 1.000 +/- 0.00 (2858)      |
|    proven_d_1_pos_husband         | 1.000 +/- 0.00 (1430)      |
|    proven_d_1_pos_wife            | 1.000 +/- 0.00 (1428)      |
|    proven_d_2_pos                 | 0.767 +/- 0.42 (35292)     |
|    proven_d_2_pos_aunt            | 0.781 +/- 0.41 (5155)      |
|    proven_d_2_pos_brother         | 0.794 +/- 0.40 (2177)      |
|    proven_d_2_pos_daughter        | 0.782 +/- 0.41 (1996)      |
|    proven_d_2_pos_father          | 0.861 +/- 0.35 (2163)      |
|    proven_d_2_pos_husband         | 0.320 +/- 0.47 (228)       |
|    proven_d_2_pos_mother          | 0.912 +/- 0.28 (1901)      |
|    proven_d_2_pos_nephew          | 0.682 +/- 0.47 (6038)      |
|    proven_d_2_pos_niece           | 0.737 +/- 0.44 (4795)      |
|    proven_d_2_pos_sister          | 0.844 +/- 0.36 (2155)      |
|    proven_d_2_pos_son             | 0.617 +/- 0.49 (2590)      |
|    proven_d_2_pos_uncle           | 0.839 +/- 0.37 (5855)      |
|    proven_d_2_pos_wife            | 0.490 +/- 0.50 (239)       |
|    proven_d_4_pos                 | 0.594 +/- 0.49 (665)       |
|    proven_d_4_pos_aunt            | 0.481 +/- 0.50 (131)       |
|    proven_d_4_pos_brother         | 0.835 +/- 0.37 (85)        |
|    proven_d_4_pos_daughter        | 0.700 +/- 0.46 (10)        |
|    proven_d_4_pos_father          | 0.769 +/- 0.42 (52)        |
|    proven_d_4_pos_husband         | 0.083 +/- 0.28 (12)        |
|    proven_d_4_pos_mother          | 0.660 +/- 0.47 (100)       |
|    proven_d_4_pos_nephew          | 0.317 +/- 0.47 (60)        |
|    proven_d_4_pos_niece           | 0.717 +/- 0.45 (53)        |
|    proven_d_4_pos_sister          | 0.769 +/- 0.42 (39)        |
|    proven_d_4_pos_son             | 0.338 +/- 0.47 (65)        |
|    proven_d_4_pos_uncle           | 0.655 +/- 0.48 (58)        |
|    proven_d_6_pos                 | 0.500 +/- 0.50 (8)         |
|    proven_d_6_pos_aunt            | 0.500 +/- 0.50 (2)         |
|    proven_d_6_pos_daughter        | 0.667 +/- 0.47 (3)         |
|    proven_d_6_pos_nephew          | 0.333 +/- 0.47 (3)         |
|    proven_d_unknown_neg           | 0.393 +/- 0.49 (38750)     |