Experiment number  0  out of  1  experiments.
Seed 0  in  [0]

Run vars: countries_s3-transe-PPO-50-20-True-6000-False-True-1-False-False-False 
 Namespace(train_neg_pos_ratio=1, limit_space=False, dynamic_neg=True, standard_corruptions=False, dataset_name='countries_s3', data_path='./data/', domain_file=None, janus_file='train.pl', train_file='train_label_corruptions.json', valid_file='valid_queries.txt', test_file='test_queries.txt', dynamic_consult=False, learn_embeddings=True, kge='transe', model_name='PPO', atom_embedding_size=50, constant_embedding_size=50, predicate_embedding_size=50, constant_emb_file='./data/countries_s3/constant_embeddings.pkl', predicate_emb_file='./data/countries_s3/predicate_embeddings.pkl', rule_depend_var=False, variable_no=500, device='cpu', seed=[0], restore_best_val_model=False, load_model=False, save_model=True, models_path='models/countries_s3', timesteps_train=6000, n_epochs=10, n_steps=2048, eval_freq=5000, batch_size=64, lr=0.0003, max_depth=20, run_signature='countries_s3-transe-PPO-50-20-True-6000-False-True-1-False-False-False', seed_run_i=0) 

ratio of positives in train 0.50
                      valid 0.39
                      test 0.39
Using cpu device
Wrapping the env with a `Monitor` wrapper
Wrapping the env in a DummyVecEnv.
Epoch 1 completed in 3.11 seconds.
Metric "train/loss" not found. Available: dict_keys([])
---------------------------------
| rollout/           |          |
|    ep_len_mean     | 7.59     |
|    ep_rew_mean     | 0.22     |
| time/              |          |
|    fps             | 653      |
|    iterations      | 1        |
|    time_elapsed    | 3        |
|    total_timesteps | 2048     |
---------------------------------
Epoch 2 completed in 3.22 seconds.
Improved train/loss to 0.0143
----------------------------------------
| rollout/                |            |
|    ep_len_mean          | 8.79       |
|    ep_rew_mean          | 0.16       |
| time/                   |            |
|    fps                  | 454        |
|    iterations           | 2          |
|    time_elapsed         | 9          |
|    total_timesteps      | 4096       |
| train/                  |            |
|    approx_kl            | 0.01914052 |
|    clip_fraction        | 0.154      |
|    clip_range           | 0.2        |
|    entropy_loss         | -0.531     |
|    explained_variance   | -0.0422    |
|    learning_rate        | 0.0003     |
|    loss                 | 0.0143     |
|    n_updates            | 10         |
|    policy_gradient_loss | -0.0155    |
|    value_loss           | 0.084      |
----------------------------------------
Eval num_timesteps=5000, episode_reward=0.15 +/- 0.35
Episode length: 6.87 +/- 2.78
New best mean reward!
Epoch 3 completed in 3.84 seconds.
Improved train/loss to -0.0004
-----------------------------------------
| rollout/                |             |
|    ep_len_mean          | 7.95        |
|    ep_rew_mean          | 0.23        |
| time/                   |             |
|    fps                  | 394         |
|    iterations           | 3           |
|    time_elapsed         | 15          |
|    total_timesteps      | 6144        |
| train/                  |             |
|    approx_kl            | 0.015048318 |
|    clip_fraction        | 0.168       |
|    clip_range           | 0.2         |
|    entropy_loss         | -0.543      |
|    explained_variance   | 0.189       |
|    learning_rate        | 0.0003      |
|    loss                 | -0.000403   |
|    n_updates            | 20          |
|    policy_gradient_loss | -0.0148     |
|    value_loss           | 0.0522      |
-----------------------------------------

Training completed!
Total training time: 10.17 seconds.
Average epoch time: 3.39 seconds.

Testing train set...
pos_queries: 33
neg_queries: 48
ratio_pos_queries: 0.410
mrr_mean: 0.875
mrr_std: 0.247
rewards_pos_mean: 0.697
rewards_pos_std: 0.460
rewards_neg_mean: 0.000
rewards_neg_std: 0.000
rewards_mean: 0.284
rewards_std: 0.451
episode_len_pos_mean: 5.121
episode_len_pos_std: 2.358
episode_len_neg_mean: 7.083
episode_len_neg_std: 2.235
episode_len_mean: 6.284
episode_len_std: 2.481
log_probs_pos_mean: -1.478
log_probs_pos_std: 1.305
log_probs_neg_mean: -2.121
log_probs_neg_std: 1.207
log_probs_mean: -1.859
log_probs_std: 1.287
auc_pr: 0.670

Testing val set...
pos_queries: 24
neg_queries: 38
ratio_pos_queries: 0.390
mrr_mean: 0.789
mrr_std: 0.280
rewards_pos_mean: 0.458
rewards_pos_std: 0.498
rewards_neg_mean: 0.000
rewards_neg_std: 0.000
rewards_mean: 0.177
rewards_std: 0.382
episode_len_pos_mean: 6.250
episode_len_pos_std: 2.504
episode_len_neg_mean: 7.105
episode_len_neg_std: 1.832
episode_len_mean: 6.774
episode_len_std: 2.158
log_probs_pos_mean: -2.172
log_probs_pos_std: 1.138
log_probs_neg_mean: -2.547
log_probs_neg_std: 0.935
log_probs_mean: -2.402
log_probs_std: 1.035
auc_pr: 0.538

Testing test set...
pos_queries: 24
neg_queries: 38
ratio_pos_queries: 0.390
mrr_mean: 0.649
mrr_std: 0.275
rewards_pos_mean: 0.167
rewards_pos_std: 0.373
rewards_neg_mean: 0.000
rewards_neg_std: 0.000
rewards_mean: 0.065
rewards_std: 0.246
episode_len_pos_mean: 6.750
episode_len_pos_std: 1.665
episode_len_neg_mean: 6.789
episode_len_neg_std: 1.765
episode_len_mean: 6.774
episode_len_std: 1.727
log_probs_pos_mean: -2.210
log_probs_pos_std: 0.944
log_probs_neg_mean: -2.160
log_probs_neg_std: 1.006
log_probs_mean: -2.180
log_probs_std: 0.983
auc_pr: 0.398
Writing results to ./runs/averaged_runs/experiments.csv
