Experiment number  0  out of  1  experiments.
Seed 2  in  [2]

Run vars: countries_s3_old-transe-PPO-50-20-True-6000-False-False-1-False-False-False 
 Namespace(train_neg_pos_ratio=1, limit_space=False, dynamic_neg=False, standard_corruptions=False, dataset_name='countries_s3_old', data_path='./data/', domain_file=None, janus_file='train.pl', train_file='train_queries.txt', valid_file='valid_queries.txt', test_file='test_queries.txt', dynamic_consult=False, learn_embeddings=True, kge='transe', model_name='PPO', atom_embedding_size=50, constant_embedding_size=50, predicate_embedding_size=50, constant_emb_file='./data/countries_s3_old/constant_embeddings.pkl', predicate_emb_file='./data/countries_s3_old/predicate_embeddings.pkl', rule_depend_var=False, variable_no=500, device='cpu', seed=[2], restore_best_val_model=False, load_model=False, save_model=True, models_path='models/countries_s3_old', timesteps_train=6000, n_epochs=10, n_steps=2048, eval_freq=5000, batch_size=64, lr=0.0003, max_depth=20, run_signature='countries_s3_old-transe-PPO-50-20-True-6000-False-False-1-False-False-False', seed_run_i=2) 

ratio of positives in train 0.50
                      valid 0.29
                      test 0.30
Using cpu device
Wrapping the env with a `Monitor` wrapper
Wrapping the env in a DummyVecEnv.
Epoch 1 completed in 2.64 seconds.
Metric "train/loss" not found. Available: dict_keys([])
---------------------------------
| rollout/           |          |
|    ep_len_mean     | 9.08     |
|    ep_rew_mean     | 0.14     |
| time/              |          |
|    fps             | 771      |
|    iterations      | 1        |
|    time_elapsed    | 2        |
|    total_timesteps | 2048     |
---------------------------------
Epoch 2 completed in 2.68 seconds.
Improved train/loss to 0.1160
-----------------------------------------
| rollout/                |             |
|    ep_len_mean          | 9.29        |
|    ep_rew_mean          | 0.18        |
| time/                   |             |
|    fps                  | 624         |
|    iterations           | 2           |
|    time_elapsed         | 6           |
|    total_timesteps      | 4096        |
| train/                  |             |
|    approx_kl            | 0.019257177 |
|    clip_fraction        | 0.177       |
|    clip_range           | 0.2         |
|    entropy_loss         | -0.779      |
|    explained_variance   | -0.836      |
|    learning_rate        | 0.0003      |
|    loss                 | 0.116       |
|    n_updates            | 10          |
|    policy_gradient_loss | -0.0206     |
|    value_loss           | 0.672       |
-----------------------------------------
Eval num_timesteps=5000, episode_reward=0.02 +/- 0.15
Episode length: 6.25 +/- 1.79
New best mean reward!
Epoch 3 completed in 3.05 seconds.
Improved train/loss to 0.0138
------------------------------------------
| rollout/                |              |
|    ep_len_mean          | 9.41         |
|    ep_rew_mean          | 0.15         |
| time/                   |              |
|    fps                  | 569          |
|    iterations           | 3            |
|    time_elapsed         | 10           |
|    total_timesteps      | 6144         |
| train/                  |              |
|    approx_kl            | 0.0154849235 |
|    clip_fraction        | 0.172        |
|    clip_range           | 0.2          |
|    entropy_loss         | -0.788       |
|    explained_variance   | -0.0851      |
|    learning_rate        | 0.0003       |
|    loss                 | 0.0138       |
|    n_updates            | 20           |
|    policy_gradient_loss | -0.0176      |
|    value_loss           | 0.076        |
------------------------------------------

Training completed!
Total training time: 8.37 seconds.
Average epoch time: 2.79 seconds.

Testing train set...
pos_queries: 26
neg_queries: 72
ratio_pos_queries: 0.270
mrr_mean: 0.823
mrr_std: 0.281
rewards_pos_mean: 0.423
rewards_pos_std: 0.494
rewards_neg_mean: 0.000
rewards_neg_std: 0.000
rewards_mean: 0.112
rewards_std: 0.316
episode_len_pos_mean: 5.731
episode_len_pos_std: 2.379
episode_len_neg_mean: 7.000
episode_len_neg_std: 1.871
episode_len_mean: 6.663
episode_len_std: 2.094
log_probs_pos_mean: -2.215
log_probs_pos_std: 1.535
log_probs_neg_mean: -2.802
log_probs_neg_std: 1.177
log_probs_mean: -2.646
log_probs_std: 1.308
auc_pr: 0.512

Testing val set...
pos_queries: 24
neg_queries: 60
ratio_pos_queries: 0.290
mrr_mean: 0.792
mrr_std: 0.319
rewards_pos_mean: 0.208
rewards_pos_std: 0.406
rewards_neg_mean: 0.000
rewards_neg_std: 0.000
rewards_mean: 0.060
rewards_std: 0.237
episode_len_pos_mean: 6.000
episode_len_pos_std: 1.658
episode_len_neg_mean: 6.700
episode_len_neg_std: 1.873
episode_len_mean: 6.500
episode_len_std: 1.842
log_probs_pos_mean: -2.852
log_probs_pos_std: 1.525
log_probs_neg_mean: -3.310
log_probs_neg_std: 1.496
log_probs_mean: -3.179
log_probs_std: 1.518
auc_pr: 0.406

Testing test set...
pos_queries: 25
neg_queries: 57
ratio_pos_queries: 0.300
mrr_mean: 0.807
mrr_std: 0.287
rewards_pos_mean: 0.160
rewards_pos_std: 0.367
rewards_neg_mean: 0.000
rewards_neg_std: 0.000
rewards_mean: 0.049
rewards_std: 0.215
episode_len_pos_mean: 6.400
episode_len_pos_std: 2.078
episode_len_neg_mean: 7.053
episode_len_neg_std: 1.820
episode_len_mean: 6.854
episode_len_std: 1.926
log_probs_pos_mean: -3.120
log_probs_pos_std: 1.822
log_probs_neg_mean: -3.567
log_probs_neg_std: 1.676
log_probs_mean: -3.431
log_probs_std: 1.734
auc_pr: 0.443
Writing results to ./runs/averaged_runs/experiments.csv
