Experiment number  0  out of  1  experiments.
Seed 2  in  [2]

Run vars: countries_s3_old-transe-PPO-50-20-True-6000-False-True-1-False-False-False 
 Namespace(train_neg_pos_ratio=1, limit_space=False, dynamic_neg=True, standard_corruptions=False, dataset_name='countries_s3_old', data_path='./data/', domain_file=None, janus_file='train.pl', train_file='train_label_corruptions.json', valid_file='valid_queries.txt', test_file='test_queries.txt', dynamic_consult=False, learn_embeddings=True, kge='transe', model_name='PPO', atom_embedding_size=50, constant_embedding_size=50, predicate_embedding_size=50, constant_emb_file='./data/countries_s3_old/constant_embeddings.pkl', predicate_emb_file='./data/countries_s3_old/predicate_embeddings.pkl', rule_depend_var=False, variable_no=500, device='cpu', seed=[2], restore_best_val_model=False, load_model=False, save_model=True, models_path='models/countries_s3_old', timesteps_train=6000, n_epochs=10, n_steps=2048, eval_freq=5000, batch_size=64, lr=0.0003, max_depth=20, run_signature='countries_s3_old-transe-PPO-50-20-True-6000-False-True-1-False-False-False', seed_run_i=2) 

ratio of positives in train 0.50
                      valid 0.29
                      test 0.30
Using cpu device
Wrapping the env with a `Monitor` wrapper
Wrapping the env in a DummyVecEnv.
Epoch 1 completed in 2.48 seconds.
Metric "train/loss" not found. Available: dict_keys([])
---------------------------------
| rollout/           |          |
|    ep_len_mean     | 9.03     |
|    ep_rew_mean     | 0.07     |
| time/              |          |
|    fps             | 818      |
|    iterations      | 1        |
|    time_elapsed    | 2        |
|    total_timesteps | 2048     |
---------------------------------
Epoch 2 completed in 2.60 seconds.
Improved train/loss to 0.1209
----------------------------------------
| rollout/                |            |
|    ep_len_mean          | 9.09       |
|    ep_rew_mean          | 0.12       |
| time/                   |            |
|    fps                  | 627        |
|    iterations           | 2          |
|    time_elapsed         | 6          |
|    total_timesteps      | 4096       |
| train/                  |            |
|    approx_kl            | 0.01985094 |
|    clip_fraction        | 0.179      |
|    clip_range           | 0.2        |
|    entropy_loss         | -0.767     |
|    explained_variance   | -0.88      |
|    learning_rate        | 0.0003     |
|    loss                 | 0.121      |
|    n_updates            | 10         |
|    policy_gradient_loss | -0.019     |
|    value_loss           | 0.656      |
----------------------------------------
Eval num_timesteps=5000, episode_reward=0.01 +/- 0.11
Episode length: 7.25 +/- 1.68
New best mean reward!
Epoch 3 completed in 3.05 seconds.
Improved train/loss to 0.0251
-----------------------------------------
| rollout/                |             |
|    ep_len_mean          | 9.89        |
|    ep_rew_mean          | 0.09        |
| time/                   |             |
|    fps                  | 552         |
|    iterations           | 3           |
|    time_elapsed         | 11          |
|    total_timesteps      | 6144        |
| train/                  |             |
|    approx_kl            | 0.015251232 |
|    clip_fraction        | 0.171       |
|    clip_range           | 0.2         |
|    entropy_loss         | -0.77       |
|    explained_variance   | -0.114      |
|    learning_rate        | 0.0003      |
|    loss                 | 0.0251      |
|    n_updates            | 20          |
|    policy_gradient_loss | -0.0168     |
|    value_loss           | 0.0518      |
-----------------------------------------

Training completed!
Total training time: 8.14 seconds.
Average epoch time: 2.71 seconds.

Testing train set...
pos_queries: 26
neg_queries: 72
ratio_pos_queries: 0.270
mrr_mean: 0.604
mrr_std: 0.343
rewards_pos_mean: 0.192
rewards_pos_std: 0.394
rewards_neg_mean: 0.000
rewards_neg_std: 0.000
rewards_mean: 0.051
rewards_std: 0.220
episode_len_pos_mean: 6.769
episode_len_pos_std: 1.846
episode_len_neg_mean: 7.583
episode_len_neg_std: 1.470
episode_len_mean: 7.367
episode_len_std: 1.619
log_probs_pos_mean: -3.023
log_probs_pos_std: 1.474
log_probs_neg_mean: -3.596
log_probs_neg_std: 1.245
log_probs_mean: -3.444
log_probs_std: 1.334
auc_pr: 0.514

Testing val set...
pos_queries: 24
neg_queries: 60
ratio_pos_queries: 0.290
mrr_mean: 0.554
mrr_std: 0.305
rewards_pos_mean: 0.042
rewards_pos_std: 0.200
rewards_neg_mean: 0.000
rewards_neg_std: 0.000
rewards_mean: 0.012
rewards_std: 0.108
episode_len_pos_mean: 7.000
episode_len_pos_std: 1.732
episode_len_neg_mean: 7.050
episode_len_neg_std: 1.396
episode_len_mean: 7.036
episode_len_std: 1.500
log_probs_pos_mean: -3.640
log_probs_pos_std: 1.669
log_probs_neg_mean: -3.779
log_probs_neg_std: 1.255
log_probs_mean: -3.740
log_probs_std: 1.387
auc_pr: 0.443

Testing test set...
pos_queries: 25
neg_queries: 57
ratio_pos_queries: 0.300
mrr_mean: 0.539
mrr_std: 0.324
rewards_pos_mean: 0.000
rewards_pos_std: 0.000
rewards_neg_mean: 0.000
rewards_neg_std: 0.000
rewards_mean: 0.000
rewards_std: 0.000
episode_len_pos_mean: 6.880
episode_len_pos_std: 2.613
episode_len_neg_mean: 6.895
episode_len_neg_std: 2.245
episode_len_mean: 6.890
episode_len_std: 2.363
log_probs_pos_mean: -3.677
log_probs_pos_std: 2.316
log_probs_neg_mean: -3.870
log_probs_neg_std: 2.048
log_probs_mean: -3.811
log_probs_std: 2.135
auc_pr: 0.424
Writing results to ./runs/averaged_runs/experiments.csv
