Experiment number  0  out of  1  experiments.
Seed 0  in  [0]

Run vars: countries_s3_old-transe-PPO-200-20-True-50000-False-True-1-True-False-False 
 Namespace(train_neg_pos_ratio=1, limit_space=True, dynamic_neg=True, standard_corruptions=False, dataset_name='countries_s3_old', data_path='./data/', domain_file=None, janus_file='train.pl', train_file='train_label_corruptions.json', valid_file='valid_queries.txt', test_file='test_queries.txt', dynamic_consult=False, learn_embeddings=True, kge='transe', model_name='PPO', atom_embedding_size=200, constant_embedding_size=200, predicate_embedding_size=200, constant_emb_file='./data/countries_s3_old/constant_embeddings.pkl', predicate_emb_file='./data/countries_s3_old/predicate_embeddings.pkl', rule_depend_var=False, variable_no=500, device='cpu', seed=[0], restore_best_val_model=False, load_model=False, save_model=False, models_path='models/countries_s3_old', timesteps_train=50000, n_epochs=10, n_steps=2048, eval_freq=5000, batch_size=64, lr=0.0003, max_depth=20, run_signature='countries_s3_old-transe-PPO-200-20-True-50000-False-True-1-True-False-False', seed_run_i=0) 

ratio of positives in train 0.50
                      valid 0.29
                      test 0.30
Using cpu device
Wrapping the env with a `Monitor` wrapper
Wrapping the env in a DummyVecEnv.
Epoch 1 completed in 7.14 seconds.
Metric "train/loss" not found. Available: dict_keys([])
---------------------------------
| rollout/           |          |
|    ep_len_mean     | 15.2     |
|    ep_rew_mean     | 0.19     |
| time/              |          |
|    fps             | 286      |
|    iterations      | 1        |
|    time_elapsed    | 7        |
|    total_timesteps | 2048     |
---------------------------------
Epoch 2 completed in 4.64 seconds.
Improved train/loss to 0.0012
----------------------------------------
| rollout/                |            |
|    ep_len_mean          | 13.4       |
|    ep_rew_mean          | 0.24       |
| time/                   |            |
|    fps                  | 184        |
|    iterations           | 2          |
|    time_elapsed         | 22         |
|    total_timesteps      | 4096       |
| train/                  |            |
|    approx_kl            | 0.05363554 |
|    clip_fraction        | 0.297      |
|    clip_range           | 0.2        |
|    entropy_loss         | -0.705     |
|    explained_variance   | -0.364     |
|    learning_rate        | 0.0003     |
|    loss                 | 0.00118    |
|    n_updates            | 10         |
|    policy_gradient_loss | -0.0174    |
|    value_loss           | 0.0601     |
----------------------------------------
Eval num_timesteps=5000, episode_reward=0.06 +/- 0.24
Episode length: 15.76 +/- 5.28
New best mean reward!
Epoch 3 completed in 9.53 seconds.
Improved train/loss to -0.0045
----------------------------------------
| rollout/                |            |
|    ep_len_mean          | 14.8       |
|    ep_rew_mean          | 0.22       |
| time/                   |            |
|    fps                  | 130        |
|    iterations           | 3          |
|    time_elapsed         | 46         |
|    total_timesteps      | 6144       |
| train/                  |            |
|    approx_kl            | 0.02869444 |
|    clip_fraction        | 0.262      |
|    clip_range           | 0.2        |
|    entropy_loss         | -0.625     |
|    explained_variance   | 0.0804     |
|    learning_rate        | 0.0003     |
|    loss                 | -0.00451   |
|    n_updates            | 20         |
|    policy_gradient_loss | -0.0137    |
|    value_loss           | 0.0582     |
----------------------------------------
Epoch 4 completed in 7.48 seconds.
-----------------------------------------
| rollout/                |             |
|    ep_len_mean          | 13.6        |
|    ep_rew_mean          | 0.32        |
| time/                   |             |
|    fps                  | 128         |
|    iterations           | 4           |
|    time_elapsed         | 63          |
|    total_timesteps      | 8192        |
| train/                  |             |
|    approx_kl            | 0.024701115 |
|    clip_fraction        | 0.238       |
|    clip_range           | 0.2         |
|    entropy_loss         | -0.657      |
|    explained_variance   | 0.151       |
|    learning_rate        | 0.0003      |
|    loss                 | 0.0159      |
|    n_updates            | 30          |
|    policy_gradient_loss | -0.0107     |
|    value_loss           | 0.061       |
-----------------------------------------
Eval num_timesteps=10000, episode_reward=0.10 +/- 0.29
Episode length: 14.82 +/- 5.95
New best mean reward!
Epoch 5 completed in 6.48 seconds.
-----------------------------------------
| rollout/                |             |
|    ep_len_mean          | 13.8        |
|    ep_rew_mean          | 0.36        |
| time/                   |             |
|    fps                  | 124         |
|    iterations           | 5           |
|    time_elapsed         | 82          |
|    total_timesteps      | 10240       |
| train/                  |             |
|    approx_kl            | 0.024281448 |
|    clip_fraction        | 0.217       |
|    clip_range           | 0.2         |
|    entropy_loss         | -0.605      |
|    explained_variance   | 0.178       |
|    learning_rate        | 0.0003      |
|    loss                 | 0.0465      |
|    n_updates            | 40          |
|    policy_gradient_loss | -0.01       |
|    value_loss           | 0.0669      |
-----------------------------------------
Epoch 6 completed in 6.02 seconds.
----------------------------------------
| rollout/                |            |
|    ep_len_mean          | 13.2       |
|    ep_rew_mean          | 0.39       |
| time/                   |            |
|    fps                  | 119        |
|    iterations           | 6          |
|    time_elapsed         | 102        |
|    total_timesteps      | 12288      |
| train/                  |            |
|    approx_kl            | 0.03292642 |
|    clip_fraction        | 0.221      |
|    clip_range           | 0.2        |
|    entropy_loss         | -0.539     |
|    explained_variance   | 0.297      |
|    learning_rate        | 0.0003     |
|    loss                 | 0.00696    |
|    n_updates            | 50         |
|    policy_gradient_loss | -0.012     |
|    value_loss           | 0.0667     |
----------------------------------------
Epoch 7 completed in 7.52 seconds.
-----------------------------------------
| rollout/                |             |
|    ep_len_mean          | 12.8        |
|    ep_rew_mean          | 0.43        |
| time/                   |             |
|    fps                  | 118         |
|    iterations           | 7           |
|    time_elapsed         | 121         |
|    total_timesteps      | 14336       |
| train/                  |             |
|    approx_kl            | 0.020662852 |
|    clip_fraction        | 0.184       |
|    clip_range           | 0.2         |
|    entropy_loss         | -0.497      |
|    explained_variance   | 0.323       |
|    learning_rate        | 0.0003      |
|    loss                 | 0.034       |
|    n_updates            | 60          |
|    policy_gradient_loss | -0.00848    |
|    value_loss           | 0.0653      |
-----------------------------------------
Eval num_timesteps=15000, episode_reward=0.11 +/- 0.31
Episode length: 15.26 +/- 6.05
New best mean reward!
Epoch 8 completed in 10.17 seconds.
-----------------------------------------
| rollout/                |             |
|    ep_len_mean          | 12.9        |
|    ep_rew_mean          | 0.4         |
| time/                   |             |
|    fps                  | 112         |
|    iterations           | 8           |
|    time_elapsed         | 145         |
|    total_timesteps      | 16384       |
| train/                  |             |
|    approx_kl            | 0.029521614 |
|    clip_fraction        | 0.182       |
|    clip_range           | 0.2         |
|    entropy_loss         | -0.49       |
|    explained_variance   | 0.33        |
|    learning_rate        | 0.0003      |
|    loss                 | 0.0125      |
|    n_updates            | 70          |
|    policy_gradient_loss | -0.0109     |
|    value_loss           | 0.0666      |
-----------------------------------------
Epoch 9 completed in 7.45 seconds.
-----------------------------------------
| rollout/                |             |
|    ep_len_mean          | 13.1        |
|    ep_rew_mean          | 0.4         |
| time/                   |             |
|    fps                  | 108         |
|    iterations           | 9           |
|    time_elapsed         | 170         |
|    total_timesteps      | 18432       |
| train/                  |             |
|    approx_kl            | 0.025976889 |
|    clip_fraction        | 0.185       |
|    clip_range           | 0.2         |
|    entropy_loss         | -0.467      |
|    explained_variance   | 0.446       |
|    learning_rate        | 0.0003      |
|    loss                 | 0.0142      |
|    n_updates            | 80          |
|    policy_gradient_loss | -0.0119     |
|    value_loss           | 0.0543      |
-----------------------------------------
Eval num_timesteps=20000, episode_reward=0.12 +/- 0.32
Episode length: 13.74 +/- 6.01
New best mean reward!
Epoch 10 completed in 9.26 seconds.
Improved train/loss to -0.0079
-----------------------------------------
| rollout/                |             |
|    ep_len_mean          | 12.9        |
|    ep_rew_mean          | 0.43        |
| time/                   |             |
|    fps                  | 105         |
|    iterations           | 10          |
|    time_elapsed         | 193         |
|    total_timesteps      | 20480       |
| train/                  |             |
|    approx_kl            | 0.027076418 |
|    clip_fraction        | 0.191       |
|    clip_range           | 0.2         |
|    entropy_loss         | -0.451      |
|    explained_variance   | 0.642       |
|    learning_rate        | 0.0003      |
|    loss                 | -0.00793    |
|    n_updates            | 90          |
|    policy_gradient_loss | -0.0117     |
|    value_loss           | 0.0365      |
-----------------------------------------
Epoch 11 completed in 10.06 seconds.
-----------------------------------------
| rollout/                |             |
|    ep_len_mean          | 12.6        |
|    ep_rew_mean          | 0.46        |
| time/                   |             |
|    fps                  | 105         |
|    iterations           | 11          |
|    time_elapsed         | 213         |
|    total_timesteps      | 22528       |
| train/                  |             |
|    approx_kl            | 0.029111838 |
|    clip_fraction        | 0.18        |
|    clip_range           | 0.2         |
|    entropy_loss         | -0.456      |
|    explained_variance   | 0.71        |
|    learning_rate        | 0.0003      |
|    loss                 | -0.00584    |
|    n_updates            | 100         |
|    policy_gradient_loss | -0.00982    |
|    value_loss           | 0.0309      |
-----------------------------------------
Epoch 12 completed in 9.93 seconds.
-----------------------------------------
| rollout/                |             |
|    ep_len_mean          | 12.4        |
|    ep_rew_mean          | 0.45        |
| time/                   |             |
|    fps                  | 104         |
|    iterations           | 12          |
|    time_elapsed         | 235         |
|    total_timesteps      | 24576       |
| train/                  |             |
|    approx_kl            | 0.030361667 |
|    clip_fraction        | 0.164       |
|    clip_range           | 0.2         |
|    entropy_loss         | -0.422      |
|    explained_variance   | 0.795       |
|    learning_rate        | 0.0003      |
|    loss                 | 0.0037      |
|    n_updates            | 110         |
|    policy_gradient_loss | -0.00858    |
|    value_loss           | 0.0253      |
-----------------------------------------
Eval num_timesteps=25000, episode_reward=0.13 +/- 0.34
Episode length: 13.99 +/- 5.88
New best mean reward!
Epoch 13 completed in 14.11 seconds.
-----------------------------------------
| rollout/                |             |
|    ep_len_mean          | 12.4        |
|    ep_rew_mean          | 0.39        |
| time/                   |             |
|    fps                  | 102         |
|    iterations           | 13          |
|    time_elapsed         | 259         |
|    total_timesteps      | 26624       |
| train/                  |             |
|    approx_kl            | 0.035152495 |
|    clip_fraction        | 0.161       |
|    clip_range           | 0.2         |
|    entropy_loss         | -0.406      |
|    explained_variance   | 0.83        |
|    learning_rate        | 0.0003      |
|    loss                 | 0.032       |
|    n_updates            | 120         |
|    policy_gradient_loss | -0.012      |
|    value_loss           | 0.0213      |
-----------------------------------------
Epoch 14 completed in 13.12 seconds.
-----------------------------------------
| rollout/                |             |
|    ep_len_mean          | 12          |
|    ep_rew_mean          | 0.44        |
| time/                   |             |
|    fps                  | 101         |
|    iterations           | 14          |
|    time_elapsed         | 282         |
|    total_timesteps      | 28672       |
| train/                  |             |
|    approx_kl            | 0.027943252 |
|    clip_fraction        | 0.171       |
|    clip_range           | 0.2         |
|    entropy_loss         | -0.403      |
|    explained_variance   | 0.842       |
|    learning_rate        | 0.0003      |
|    loss                 | 0.0157      |
|    n_updates            | 130         |
|    policy_gradient_loss | -0.00812    |
|    value_loss           | 0.0221      |
-----------------------------------------
Eval num_timesteps=30000, episode_reward=0.13 +/- 0.34
Episode length: 14.77 +/- 6.37
Epoch 15 completed in 12.84 seconds.
-----------------------------------------
| rollout/                |             |
|    ep_len_mean          | 12.8        |
|    ep_rew_mean          | 0.44        |
| time/                   |             |
|    fps                  | 98          |
|    iterations           | 15          |
|    time_elapsed         | 311         |
|    total_timesteps      | 30720       |
| train/                  |             |
|    approx_kl            | 0.029951956 |
|    clip_fraction        | 0.164       |
|    clip_range           | 0.2         |
|    entropy_loss         | -0.41       |
|    explained_variance   | 0.907       |
|    learning_rate        | 0.0003      |
|    loss                 | -0.00152    |
|    n_updates            | 140         |
|    policy_gradient_loss | -0.00904    |
|    value_loss           | 0.0122      |
-----------------------------------------
Epoch 16 completed in 7.87 seconds.
-----------------------------------------
| rollout/                |             |
|    ep_len_mean          | 12.8        |
|    ep_rew_mean          | 0.45        |
| time/                   |             |
|    fps                  | 99          |
|    iterations           | 16          |
|    time_elapsed         | 328         |
|    total_timesteps      | 32768       |
| train/                  |             |
|    approx_kl            | 0.027792543 |
|    clip_fraction        | 0.164       |
|    clip_range           | 0.2         |
|    entropy_loss         | -0.394      |
|    explained_variance   | 0.914       |
|    learning_rate        | 0.0003      |
|    loss                 | -0.00587    |
|    n_updates            | 150         |
|    policy_gradient_loss | -0.00966    |
|    value_loss           | 0.0141      |
-----------------------------------------
Epoch 17 completed in 14.26 seconds.
Improved train/loss to -0.0318
----------------------------------------
| rollout/                |            |
|    ep_len_mean          | 11.9       |
|    ep_rew_mean          | 0.46       |
| time/                   |            |
|    fps                  | 98         |
|    iterations           | 17         |
|    time_elapsed         | 353        |
|    total_timesteps      | 34816      |
| train/                  |            |
|    approx_kl            | 0.02544704 |
|    clip_fraction        | 0.167      |
|    clip_range           | 0.2        |
|    entropy_loss         | -0.397     |
|    explained_variance   | 0.931      |
|    learning_rate        | 0.0003     |
|    loss                 | -0.0318    |
|    n_updates            | 160        |
|    policy_gradient_loss | -0.0103    |
|    value_loss           | 0.00911    |
----------------------------------------
Eval num_timesteps=35000, episode_reward=0.08 +/- 0.28
Episode length: 13.85 +/- 5.94
Epoch 18 completed in 14.01 seconds.
----------------------------------------
| rollout/                |            |
|    ep_len_mean          | 12.3       |
|    ep_rew_mean          | 0.43       |
| time/                   |            |
|    fps                  | 97         |
|    iterations           | 18         |
|    time_elapsed         | 376        |
|    total_timesteps      | 36864      |
| train/                  |            |
|    approx_kl            | 0.03268987 |
|    clip_fraction        | 0.156      |
|    clip_range           | 0.2        |
|    entropy_loss         | -0.395     |
|    explained_variance   | 0.925      |
|    learning_rate        | 0.0003     |
|    loss                 | -0.00593   |
|    n_updates            | 170        |
|    policy_gradient_loss | -0.00729   |
|    value_loss           | 0.0118     |
----------------------------------------
Epoch 19 completed in 9.81 seconds.
-----------------------------------------
| rollout/                |             |
|    ep_len_mean          | 12.1        |
|    ep_rew_mean          | 0.45        |
| time/                   |             |
|    fps                  | 98          |
|    iterations           | 19          |
|    time_elapsed         | 395         |
|    total_timesteps      | 38912       |
| train/                  |             |
|    approx_kl            | 0.028493078 |
|    clip_fraction        | 0.148       |
|    clip_range           | 0.2         |
|    entropy_loss         | -0.377      |
|    explained_variance   | 0.919       |
|    learning_rate        | 0.0003      |
|    loss                 | 0.00108     |
|    n_updates            | 180         |
|    policy_gradient_loss | -0.0079     |
|    value_loss           | 0.013       |
-----------------------------------------
Eval num_timesteps=40000, episode_reward=0.08 +/- 0.28
Episode length: 14.08 +/- 5.86
Epoch 20 completed in 9.67 seconds.
Improved train/loss to -0.0403
-----------------------------------------
| rollout/                |             |
|    ep_len_mean          | 11.8        |
|    ep_rew_mean          | 0.43        |
| time/                   |             |
|    fps                  | 98          |
|    iterations           | 20          |
|    time_elapsed         | 415         |
|    total_timesteps      | 40960       |
| train/                  |             |
|    approx_kl            | 0.028211996 |
|    clip_fraction        | 0.152       |
|    clip_range           | 0.2         |
|    entropy_loss         | -0.349      |
|    explained_variance   | 0.924       |
|    learning_rate        | 0.0003      |
|    loss                 | -0.0403     |
|    n_updates            | 190         |
|    policy_gradient_loss | -0.00749    |
|    value_loss           | 0.0112      |
-----------------------------------------
Epoch 21 completed in 10.78 seconds.
-----------------------------------------
| rollout/                |             |
|    ep_len_mean          | 12.3        |
|    ep_rew_mean          | 0.45        |
| time/                   |             |
|    fps                  | 98          |
|    iterations           | 21          |
|    time_elapsed         | 436         |
|    total_timesteps      | 43008       |
| train/                  |             |
|    approx_kl            | 0.031022912 |
|    clip_fraction        | 0.143       |
|    clip_range           | 0.2         |
|    entropy_loss         | -0.335      |
|    explained_variance   | 0.927       |
|    learning_rate        | 0.0003      |
|    loss                 | -0.0312     |
|    n_updates            | 200         |
|    policy_gradient_loss | -0.00895    |
|    value_loss           | 0.0119      |
-----------------------------------------
Eval num_timesteps=45000, episode_reward=0.07 +/- 0.26
Episode length: 15.20 +/- 5.85
Epoch 22 completed in 10.67 seconds.
----------------------------------------
| rollout/                |            |
|    ep_len_mean          | 13.2       |
|    ep_rew_mean          | 0.43       |
| time/                   |            |
|    fps                  | 98         |
|    iterations           | 22         |
|    time_elapsed         | 456        |
|    total_timesteps      | 45056      |
| train/                  |            |
|    approx_kl            | 0.02924802 |
|    clip_fraction        | 0.147      |
|    clip_range           | 0.2        |
|    entropy_loss         | -0.327     |
|    explained_variance   | 0.924      |
|    learning_rate        | 0.0003     |
|    loss                 | -0.0211    |
|    n_updates            | 210        |
|    policy_gradient_loss | -0.00829   |
|    value_loss           | 0.00967    |
----------------------------------------
Epoch 23 completed in 7.71 seconds.
-----------------------------------------
| rollout/                |             |
|    ep_len_mean          | 12.6        |
|    ep_rew_mean          | 0.41        |
| time/                   |             |
|    fps                  | 99          |
|    iterations           | 23          |
|    time_elapsed         | 474         |
|    total_timesteps      | 47104       |
| train/                  |             |
|    approx_kl            | 0.037294142 |
|    clip_fraction        | 0.16        |
|    clip_range           | 0.2         |
|    entropy_loss         | -0.341      |
|    explained_variance   | 0.961       |
|    learning_rate        | 0.0003      |
|    loss                 | 0.0205      |
|    n_updates            | 220         |
|    policy_gradient_loss | -0.00913    |
|    value_loss           | 0.00631     |
-----------------------------------------
Epoch 24 completed in 10.04 seconds.
-----------------------------------------
| rollout/                |             |
|    ep_len_mean          | 12.3        |
|    ep_rew_mean          | 0.45        |
| time/                   |             |
|    fps                  | 99          |
|    iterations           | 24          |
|    time_elapsed         | 496         |
|    total_timesteps      | 49152       |
| train/                  |             |
|    approx_kl            | 0.046590023 |
|    clip_fraction        | 0.183       |
|    clip_range           | 0.2         |
|    entropy_loss         | -0.374      |
|    explained_variance   | 0.975       |
|    learning_rate        | 0.0003      |
|    loss                 | -0.0147     |
|    n_updates            | 230         |
|    policy_gradient_loss | -0.0138     |
|    value_loss           | 0.00355     |
-----------------------------------------
Eval num_timesteps=50000, episode_reward=0.08 +/- 0.28
Episode length: 13.69 +/- 5.92
Epoch 25 completed in 13.58 seconds.
-----------------------------------------
| rollout/                |             |
|    ep_len_mean          | 12.3        |
|    ep_rew_mean          | 0.44        |
| time/                   |             |
|    fps                  | 98          |
|    iterations           | 25          |
|    time_elapsed         | 522         |
|    total_timesteps      | 51200       |
| train/                  |             |
|    approx_kl            | 0.026612323 |
|    clip_fraction        | 0.148       |
|    clip_range           | 0.2         |
|    entropy_loss         | -0.36       |
|    explained_variance   | 0.874       |
|    learning_rate        | 0.0003      |
|    loss                 | -0.00845    |
|    n_updates            | 240         |
|    policy_gradient_loss | -0.0106     |
|    value_loss           | 0.0171      |
-----------------------------------------

Training completed!
Total training time: 244.16 seconds.
Average epoch time: 9.77 seconds.

Testing train set...
pos_queries: 26
neg_queries: 72
ratio_pos_queries: 0.270
mrr_mean: 0.948
mrr_std: 0.176
rewards_pos_mean: 0.885
rewards_pos_std: 0.319
rewards_neg_mean: 0.000
rewards_neg_std: 0.000
rewards_mean: 0.235
rewards_std: 0.424
episode_len_pos_mean: 6.308
episode_len_pos_std: 3.959
episode_len_neg_mean: 16.208
episode_len_neg_std: 4.868
episode_len_mean: 13.582
episode_len_std: 6.377
log_probs_pos_mean: -0.616
log_probs_pos_std: 1.407
log_probs_neg_mean: -3.869
log_probs_neg_std: 2.044
log_probs_mean: -3.006
log_probs_std: 2.379
auc_pr: 0.862

Testing val set...
pos_queries: 24
neg_queries: 60
ratio_pos_queries: 0.290
mrr_mean: 0.692
mrr_std: 0.285
rewards_pos_mean: 0.375
rewards_pos_std: 0.484
rewards_neg_mean: 0.000
rewards_neg_std: 0.000
rewards_mean: 0.107
rewards_std: 0.309
episode_len_pos_mean: 10.750
episode_len_pos_std: 5.286
episode_len_neg_mean: 15.150
episode_len_neg_std: 4.919
episode_len_mean: 13.893
episode_len_std: 5.405
log_probs_pos_mean: -1.945
log_probs_pos_std: 1.663
log_probs_neg_mean: -3.702
log_probs_neg_std: 1.930
log_probs_mean: -3.200
log_probs_std: 2.020
auc_pr: 0.650

Testing test set...
pos_queries: 25
neg_queries: 57
ratio_pos_queries: 0.300
mrr_mean: 0.618
mrr_std: 0.304
rewards_pos_mean: 0.400
rewards_pos_std: 0.490
rewards_neg_mean: 0.000
rewards_neg_std: 0.000
rewards_mean: 0.122
rewards_std: 0.327
episode_len_pos_mean: 12.480
episode_len_pos_std: 6.357
episode_len_neg_mean: 15.123
episode_len_neg_std: 5.130
episode_len_mean: 14.317
episode_len_std: 5.665
log_probs_pos_mean: -2.579
log_probs_pos_std: 2.274
log_probs_neg_mean: -3.714
log_probs_neg_std: 2.186
log_probs_mean: -3.368
log_probs_std: 2.274
auc_pr: 0.575
