Experiment number  0  out of  1  experiments.
Seed 0  in  [0]

Run vars: countries_s3-transe-PPO-50-20-True-50000-False-static-1-True-False-False 
 Namespace(train_neg_pos_ratio=1, limit_space=True, corruption_mode='static', dataset_name='countries_s3', data_path='./data/', domain_file=None, janus_file='train.pl', train_file='train_label_corruptions.json', valid_file='valid_queries.txt', test_file='test_queries.txt', dynamic_consult=False, learn_embeddings=True, kge='transe', model_name='PPO', atom_embedding_size=50, constant_embedding_size=50, predicate_embedding_size=50, constant_emb_file='./data/countries_s3/constant_embeddings.pkl', predicate_emb_file='./data/countries_s3/predicate_embeddings.pkl', rule_depend_var=False, variable_no=500, device='cpu', seed=[0], restore_best_val_model=False, load_model=False, save_model=True, models_path='models/countries_s3', timesteps_train=50000, n_epochs=10, n_steps=2048, eval_freq=5000, batch_size=64, lr=0.0003, max_depth=20, run_signature='countries_s3-transe-PPO-50-20-True-50000-False-static-1-True-False-False', seed_run_i=0) 

countries_s3-transe-PPO-50-20-True-50000-False-static-1-True-False-False
Using cpu device
Wrapping the env with a `Monitor` wrapper
Wrapping the env in a DummyVecEnv.
Epoch 1 completed in 2.25 seconds.
Metric "train/loss" not found. Available: dict_keys([])
---------------------------------
| rollout/           |          |
|    ep_len_mean     | 14.5     |
|    ep_rew_mean     | 0.23     |
| time/              |          |
|    fps             | 903      |
|    iterations      | 1        |
|    time_elapsed    | 2        |
|    total_timesteps | 2048     |
---------------------------------
Epoch 2 completed in 2.54 seconds.
Improved train/loss to 0.0376
-----------------------------------------
| rollout/                |             |
|    ep_len_mean          | 13.1        |
|    ep_rew_mean          | 0.3         |
| time/                   |             |
|    fps                  | 674         |
|    iterations           | 2           |
|    time_elapsed         | 6           |
|    total_timesteps      | 4096        |
| train/                  |             |
|    approx_kl            | 0.016889106 |
|    clip_fraction        | 0.148       |
|    clip_range           | 0.2         |
|    entropy_loss         | -0.49       |
|    explained_variance   | -0.223      |
|    learning_rate        | 0.0003      |
|    loss                 | 0.0376      |
|    n_updates            | 10          |
|    policy_gradient_loss | -0.0173     |
|    value_loss           | 0.096       |
-----------------------------------------
Eval num_timesteps=5000, episode_reward=0.74 +/- 0.44
Episode length: 8.74 +/- 5.89
New best mean reward!
Epoch 3 completed in 2.88 seconds.
Improved train/loss to 0.0145
-----------------------------------------
| rollout/                |             |
|    ep_len_mean          | 13.3        |
|    ep_rew_mean          | 0.38        |
| time/                   |             |
|    fps                  | 590         |
|    iterations           | 3           |
|    time_elapsed         | 10          |
|    total_timesteps      | 6144        |
| train/                  |             |
|    approx_kl            | 0.018390449 |
|    clip_fraction        | 0.15        |
|    clip_range           | 0.2         |
|    entropy_loss         | -0.451      |
|    explained_variance   | 0.0414      |
|    learning_rate        | 0.0003      |
|    loss                 | 0.0145      |
|    n_updates            | 20          |
|    policy_gradient_loss | -0.0159     |
|    value_loss           | 0.0878      |
-----------------------------------------
Epoch 4 completed in 2.42 seconds.
-----------------------------------------
| rollout/                |             |
|    ep_len_mean          | 12.2        |
|    ep_rew_mean          | 0.41        |
| time/                   |             |
|    fps                  | 583         |
|    iterations           | 4           |
|    time_elapsed         | 14          |
|    total_timesteps      | 8192        |
| train/                  |             |
|    approx_kl            | 0.015871156 |
|    clip_fraction        | 0.143       |
|    clip_range           | 0.2         |
|    entropy_loss         | -0.423      |
|    explained_variance   | 0.0747      |
|    learning_rate        | 0.0003      |
|    loss                 | 0.0457      |
|    n_updates            | 30          |
|    policy_gradient_loss | -0.014      |
|    value_loss           | 0.094       |
-----------------------------------------
Eval num_timesteps=10000, episode_reward=0.89 +/- 0.31
Episode length: 5.63 +/- 3.39
New best mean reward!
Epoch 5 completed in 2.47 seconds.
-----------------------------------------
| rollout/                |             |
|    ep_len_mean          | 12.8        |
|    ep_rew_mean          | 0.43        |
| time/                   |             |
|    fps                  | 564         |
|    iterations           | 5           |
|    time_elapsed         | 18          |
|    total_timesteps      | 10240       |
| train/                  |             |
|    approx_kl            | 0.017507754 |
|    clip_fraction        | 0.137       |
|    clip_range           | 0.2         |
|    entropy_loss         | -0.358      |
|    explained_variance   | 0.139       |
|    learning_rate        | 0.0003      |
|    loss                 | 0.0441      |
|    n_updates            | 40          |
|    policy_gradient_loss | -0.0125     |
|    value_loss           | 0.0894      |
-----------------------------------------
Epoch 6 completed in 2.38 seconds.
-----------------------------------------
| rollout/                |             |
|    ep_len_mean          | 12.7        |
|    ep_rew_mean          | 0.44        |
| time/                   |             |
|    fps                  | 544         |
|    iterations           | 6           |
|    time_elapsed         | 22          |
|    total_timesteps      | 12288       |
| train/                  |             |
|    approx_kl            | 0.016205601 |
|    clip_fraction        | 0.115       |
|    clip_range           | 0.2         |
|    entropy_loss         | -0.355      |
|    explained_variance   | 0.0528      |
|    learning_rate        | 0.0003      |
|    loss                 | 0.0582      |
|    n_updates            | 50          |
|    policy_gradient_loss | -0.012      |
|    value_loss           | 0.104       |
-----------------------------------------
Epoch 7 completed in 2.51 seconds.
-----------------------------------------
| rollout/                |             |
|    ep_len_mean          | 11.4        |
|    ep_rew_mean          | 0.5         |
| time/                   |             |
|    fps                  | 531         |
|    iterations           | 7           |
|    time_elapsed         | 26          |
|    total_timesteps      | 14336       |
| train/                  |             |
|    approx_kl            | 0.012790853 |
|    clip_fraction        | 0.0914      |
|    clip_range           | 0.2         |
|    entropy_loss         | -0.341      |
|    explained_variance   | 0.0937      |
|    learning_rate        | 0.0003      |
|    loss                 | 0.0522      |
|    n_updates            | 60          |
|    policy_gradient_loss | -0.00828    |
|    value_loss           | 0.102       |
-----------------------------------------
Eval num_timesteps=15000, episode_reward=1.00 +/- 0.00
Episode length: 5.32 +/- 3.51
New best mean reward!
Epoch 8 completed in 2.55 seconds.
-----------------------------------------
| rollout/                |             |
|    ep_len_mean          | 12          |
|    ep_rew_mean          | 0.49        |
| time/                   |             |
|    fps                  | 520         |
|    iterations           | 8           |
|    time_elapsed         | 31          |
|    total_timesteps      | 16384       |
| train/                  |             |
|    approx_kl            | 0.018384287 |
|    clip_fraction        | 0.113       |
|    clip_range           | 0.2         |
|    entropy_loss         | -0.305      |
|    explained_variance   | 0.174       |
|    learning_rate        | 0.0003      |
|    loss                 | 0.0254      |
|    n_updates            | 70          |
|    policy_gradient_loss | -0.012      |
|    value_loss           | 0.102       |
-----------------------------------------
Epoch 9 completed in 2.60 seconds.
-----------------------------------------
| rollout/                |             |
|    ep_len_mean          | 11.5        |
|    ep_rew_mean          | 0.5         |
| time/                   |             |
|    fps                  | 515         |
|    iterations           | 9           |
|    time_elapsed         | 35          |
|    total_timesteps      | 18432       |
| train/                  |             |
|    approx_kl            | 0.014106873 |
|    clip_fraction        | 0.111       |
|    clip_range           | 0.2         |
|    entropy_loss         | -0.28       |
|    explained_variance   | 0.15        |
|    learning_rate        | 0.0003      |
|    loss                 | 0.019       |
|    n_updates            | 80          |
|    policy_gradient_loss | -0.0116     |
|    value_loss           | 0.102       |
-----------------------------------------
Eval num_timesteps=20000, episode_reward=0.89 +/- 0.31
Episode length: 5.00 +/- 3.39
Epoch 10 completed in 2.73 seconds.
-----------------------------------------
| rollout/                |             |
|    ep_len_mean          | 11.5        |
|    ep_rew_mean          | 0.48        |
| time/                   |             |
|    fps                  | 506         |
|    iterations           | 10          |
|    time_elapsed         | 40          |
|    total_timesteps      | 20480       |
| train/                  |             |
|    approx_kl            | 0.009238336 |
|    clip_fraction        | 0.0714      |
|    clip_range           | 0.2         |
|    entropy_loss         | -0.253      |
|    explained_variance   | 0.167       |
|    learning_rate        | 0.0003      |
|    loss                 | 0.0269      |
|    n_updates            | 90          |
|    policy_gradient_loss | -0.00577    |
|    value_loss           | 0.103       |
-----------------------------------------
Epoch 11 completed in 2.77 seconds.
-----------------------------------------
| rollout/                |             |
|    ep_len_mean          | 11.9        |
|    ep_rew_mean          | 0.5         |
| time/                   |             |
|    fps                  | 498         |
|    iterations           | 11          |
|    time_elapsed         | 45          |
|    total_timesteps      | 22528       |
| train/                  |             |
|    approx_kl            | 0.009445492 |
|    clip_fraction        | 0.0859      |
|    clip_range           | 0.2         |
|    entropy_loss         | -0.224      |
|    explained_variance   | 0.251       |
|    learning_rate        | 0.0003      |
|    loss                 | 0.0433      |
|    n_updates            | 100         |
|    policy_gradient_loss | -0.00714    |
|    value_loss           | 0.0878      |
-----------------------------------------
Epoch 12 completed in 2.64 seconds.
----------------------------------------
| rollout/                |            |
|    ep_len_mean          | 12         |
|    ep_rew_mean          | 0.5        |
| time/                   |            |
|    fps                  | 499        |
|    iterations           | 12         |
|    time_elapsed         | 49         |
|    total_timesteps      | 24576      |
| train/                  |            |
|    approx_kl            | 0.00885698 |
|    clip_fraction        | 0.0738     |
|    clip_range           | 0.2        |
|    entropy_loss         | -0.225     |
|    explained_variance   | 0.365      |
|    learning_rate        | 0.0003     |
|    loss                 | 0.0191     |
|    n_updates            | 110        |
|    policy_gradient_loss | -0.00537   |
|    value_loss           | 0.0774     |
----------------------------------------
Eval num_timesteps=25000, episode_reward=0.95 +/- 0.22
Episode length: 4.84 +/- 3.05
Epoch 13 completed in 2.80 seconds.
----------------------------------------
| rollout/                |            |
|    ep_len_mean          | 11.5       |
|    ep_rew_mean          | 0.49       |
| time/                   |            |
|    fps                  | 494        |
|    iterations           | 13         |
|    time_elapsed         | 53         |
|    total_timesteps      | 26624      |
| train/                  |            |
|    approx_kl            | 0.01097109 |
|    clip_fraction        | 0.0815     |
|    clip_range           | 0.2        |
|    entropy_loss         | -0.2       |
|    explained_variance   | 0.537      |
|    learning_rate        | 0.0003     |
|    loss                 | 0.0169     |
|    n_updates            | 120        |
|    policy_gradient_loss | -0.00732   |
|    value_loss           | 0.0519     |
----------------------------------------
Epoch 14 completed in 2.65 seconds.
-----------------------------------------
| rollout/                |             |
|    ep_len_mean          | 12.5        |
|    ep_rew_mean          | 0.5         |
| time/                   |             |
|    fps                  | 489         |
|    iterations           | 14          |
|    time_elapsed         | 58          |
|    total_timesteps      | 28672       |
| train/                  |             |
|    approx_kl            | 0.014790256 |
|    clip_fraction        | 0.0808      |
|    clip_range           | 0.2         |
|    entropy_loss         | -0.198      |
|    explained_variance   | 0.696       |
|    learning_rate        | 0.0003      |
|    loss                 | 0.0398      |
|    n_updates            | 130         |
|    policy_gradient_loss | -0.00709    |
|    value_loss           | 0.0364      |
-----------------------------------------
Eval num_timesteps=30000, episode_reward=0.95 +/- 0.22
Episode length: 5.79 +/- 4.09
Epoch 15 completed in 2.88 seconds.
Improved train/loss to -0.0028
------------------------------------------
| rollout/                |              |
|    ep_len_mean          | 12.8         |
|    ep_rew_mean          | 0.48         |
| time/                   |              |
|    fps                  | 484          |
|    iterations           | 15           |
|    time_elapsed         | 63           |
|    total_timesteps      | 30720        |
| train/                  |              |
|    approx_kl            | 0.0120048085 |
|    clip_fraction        | 0.0644       |
|    clip_range           | 0.2          |
|    entropy_loss         | -0.183       |
|    explained_variance   | 0.862        |
|    learning_rate        | 0.0003       |
|    loss                 | -0.00278     |
|    n_updates            | 140          |
|    policy_gradient_loss | -0.00547     |
|    value_loss           | 0.0129       |
------------------------------------------
Epoch 16 completed in 2.78 seconds.
Improved train/loss to -0.0094
-----------------------------------------
| rollout/                |             |
|    ep_len_mean          | 11.3        |
|    ep_rew_mean          | 0.5         |
| time/                   |             |
|    fps                  | 480         |
|    iterations           | 16          |
|    time_elapsed         | 68          |
|    total_timesteps      | 32768       |
| train/                  |             |
|    approx_kl            | 0.018615775 |
|    clip_fraction        | 0.0925      |
|    clip_range           | 0.2         |
|    entropy_loss         | -0.178      |
|    explained_variance   | 0.894       |
|    learning_rate        | 0.0003      |
|    loss                 | -0.00939    |
|    n_updates            | 150         |
|    policy_gradient_loss | -0.00981    |
|    value_loss           | 0.0134      |
-----------------------------------------
Epoch 17 completed in 2.87 seconds.
-----------------------------------------
| rollout/                |             |
|    ep_len_mean          | 12.2        |
|    ep_rew_mean          | 0.5         |
| time/                   |             |
|    fps                  | 477         |
|    iterations           | 17          |
|    time_elapsed         | 72          |
|    total_timesteps      | 34816       |
| train/                  |             |
|    approx_kl            | 0.006996737 |
|    clip_fraction        | 0.06        |
|    clip_range           | 0.2         |
|    entropy_loss         | -0.135      |
|    explained_variance   | 0.911       |
|    learning_rate        | 0.0003      |
|    loss                 | 0.00306     |
|    n_updates            | 160         |
|    policy_gradient_loss | -0.00552    |
|    value_loss           | 0.0134      |
-----------------------------------------
Eval num_timesteps=35000, episode_reward=1.00 +/- 0.00
Episode length: 5.00 +/- 3.04
Epoch 18 completed in 2.92 seconds.
-----------------------------------------
| rollout/                |             |
|    ep_len_mean          | 11.8        |
|    ep_rew_mean          | 0.49        |
| time/                   |             |
|    fps                  | 474         |
|    iterations           | 18          |
|    time_elapsed         | 77          |
|    total_timesteps      | 36864       |
| train/                  |             |
|    approx_kl            | 0.022104464 |
|    clip_fraction        | 0.0703      |
|    clip_range           | 0.2         |
|    entropy_loss         | -0.156      |
|    explained_variance   | 0.956       |
|    learning_rate        | 0.0003      |
|    loss                 | -0.00244    |
|    n_updates            | 170         |
|    policy_gradient_loss | -0.00642    |
|    value_loss           | 0.00571     |
-----------------------------------------
Epoch 19 completed in 2.92 seconds.
Improved train/loss to -0.0101
-----------------------------------------
| rollout/                |             |
|    ep_len_mean          | 11.8        |
|    ep_rew_mean          | 0.5         |
| time/                   |             |
|    fps                  | 474         |
|    iterations           | 19          |
|    time_elapsed         | 81          |
|    total_timesteps      | 38912       |
| train/                  |             |
|    approx_kl            | 0.028002825 |
|    clip_fraction        | 0.0722      |
|    clip_range           | 0.2         |
|    entropy_loss         | -0.147      |
|    explained_variance   | 0.926       |
|    learning_rate        | 0.0003      |
|    loss                 | -0.0101     |
|    n_updates            | 180         |
|    policy_gradient_loss | -0.00814    |
|    value_loss           | 0.0113      |
-----------------------------------------
Eval num_timesteps=40000, episode_reward=1.00 +/- 0.00
Episode length: 4.89 +/- 2.79
Epoch 20 completed in 3.06 seconds.
-----------------------------------------
| rollout/                |             |
|    ep_len_mean          | 11.5        |
|    ep_rew_mean          | 0.5         |
| time/                   |             |
|    fps                  | 474         |
|    iterations           | 20          |
|    time_elapsed         | 86          |
|    total_timesteps      | 40960       |
| train/                  |             |
|    approx_kl            | 0.011381592 |
|    clip_fraction        | 0.0626      |
|    clip_range           | 0.2         |
|    entropy_loss         | -0.134      |
|    explained_variance   | 0.969       |
|    learning_rate        | 0.0003      |
|    loss                 | 0.00303     |
|    n_updates            | 190         |
|    policy_gradient_loss | -0.00616    |
|    value_loss           | 0.00523     |
-----------------------------------------
Epoch 21 completed in 3.05 seconds.
-----------------------------------------
| rollout/                |             |
|    ep_len_mean          | 11.4        |
|    ep_rew_mean          | 0.48        |
| time/                   |             |
|    fps                  | 475         |
|    iterations           | 21          |
|    time_elapsed         | 90          |
|    total_timesteps      | 43008       |
| train/                  |             |
|    approx_kl            | 0.007914515 |
|    clip_fraction        | 0.0642      |
|    clip_range           | 0.2         |
|    entropy_loss         | -0.157      |
|    explained_variance   | 0.948       |
|    learning_rate        | 0.0003      |
|    loss                 | 0.00938     |
|    n_updates            | 200         |
|    policy_gradient_loss | -0.00554    |
|    value_loss           | 0.00779     |
-----------------------------------------
Eval num_timesteps=45000, episode_reward=1.00 +/- 0.00
Episode length: 5.21 +/- 3.30
Epoch 22 completed in 3.13 seconds.
-----------------------------------------
| rollout/                |             |
|    ep_len_mean          | 11.3        |
|    ep_rew_mean          | 0.49        |
| time/                   |             |
|    fps                  | 474         |
|    iterations           | 22          |
|    time_elapsed         | 95          |
|    total_timesteps      | 45056       |
| train/                  |             |
|    approx_kl            | 0.011805736 |
|    clip_fraction        | 0.0652      |
|    clip_range           | 0.2         |
|    entropy_loss         | -0.139      |
|    explained_variance   | 0.907       |
|    learning_rate        | 0.0003      |
|    loss                 | 0.0157      |
|    n_updates            | 210         |
|    policy_gradient_loss | -0.00772    |
|    value_loss           | 0.014       |
-----------------------------------------
Epoch 23 completed in 3.28 seconds.
-----------------------------------------
| rollout/                |             |
|    ep_len_mean          | 11.5        |
|    ep_rew_mean          | 0.49        |
| time/                   |             |
|    fps                  | 469         |
|    iterations           | 23          |
|    time_elapsed         | 100         |
|    total_timesteps      | 47104       |
| train/                  |             |
|    approx_kl            | 0.013867318 |
|    clip_fraction        | 0.0674      |
|    clip_range           | 0.2         |
|    entropy_loss         | -0.137      |
|    explained_variance   | 0.953       |
|    learning_rate        | 0.0003      |
|    loss                 | -0.00126    |
|    n_updates            | 220         |
|    policy_gradient_loss | -0.00575    |
|    value_loss           | 0.00816     |
-----------------------------------------
Epoch 24 completed in 3.11 seconds.
-----------------------------------------
| rollout/                |             |
|    ep_len_mean          | 11.1        |
|    ep_rew_mean          | 0.48        |
| time/                   |             |
|    fps                  | 468         |
|    iterations           | 24          |
|    time_elapsed         | 104         |
|    total_timesteps      | 49152       |
| train/                  |             |
|    approx_kl            | 0.010210783 |
|    clip_fraction        | 0.0646      |
|    clip_range           | 0.2         |
|    entropy_loss         | -0.144      |
|    explained_variance   | 0.955       |
|    learning_rate        | 0.0003      |
|    loss                 | 0.00849     |
|    n_updates            | 230         |
|    policy_gradient_loss | -0.00469    |
|    value_loss           | 0.00743     |
-----------------------------------------
Eval num_timesteps=50000, episode_reward=0.95 +/- 0.22
Episode length: 4.84 +/- 2.80
Epoch 25 completed in 3.28 seconds.
-----------------------------------------
| rollout/                |             |
|    ep_len_mean          | 11          |
|    ep_rew_mean          | 0.49        |
| time/                   |             |
|    fps                  | 464         |
|    iterations           | 25          |
|    time_elapsed         | 110         |
|    total_timesteps      | 51200       |
| train/                  |             |
|    approx_kl            | 0.009821004 |
|    clip_fraction        | 0.0725      |
|    clip_range           | 0.2         |
|    entropy_loss         | -0.151      |
|    explained_variance   | 0.936       |
|    learning_rate        | 0.0003      |
|    loss                 | 0.000374    |
|    n_updates            | 240         |
|    policy_gradient_loss | -0.00581    |
|    value_loss           | 0.00887     |
-----------------------------------------

Training completed!
Total training time: 69.46 seconds.
Average epoch time: 2.78 seconds.

Train set metrics:
pos_queries: 24
neg_queries: 48
ratio_pos_queries: 0.330
mrr_mean: 0.951
mrr_std: 0.163
rewards_pos_mean: 1.000
rewards_pos_std: 0.000
rewards_neg_mean: 0.000
rewards_neg_std: 0.000
rewards_mean: 0.333
rewards_std: 0.471
episode_len_pos_mean: 5.750
episode_len_pos_std: 2.696
episode_len_neg_mean: 14.583
episode_len_neg_std: 5.496
episode_len_mean: 11.639
episode_len_std: 6.316
log_probs_pos_mean: -0.225
log_probs_pos_std: 0.285
log_probs_neg_mean: -1.216
log_probs_neg_std: 0.828
log_probs_mean: -0.886
log_probs_std: 0.838
auc_pr: 0.902

Validation set metrics:
pos_queries: 19
neg_queries: 38
ratio_pos_queries: 0.330
mrr_mean: 0.965
mrr_std: 0.149
rewards_pos_mean: 0.947
rewards_pos_std: 0.223
rewards_neg_mean: 0.000
rewards_neg_std: 0.000
rewards_mean: 0.316
rewards_std: 0.465
episode_len_pos_mean: 4.947
episode_len_pos_std: 2.910
episode_len_neg_mean: 13.789
episode_len_neg_std: 5.439
episode_len_mean: 10.842
episode_len_std: 6.318
log_probs_pos_mean: -0.290
log_probs_pos_std: 0.281
log_probs_neg_mean: -1.244
log_probs_neg_std: 0.862
log_probs_mean: -0.926
log_probs_std: 0.851
auc_pr: 0.797

Test set metrics:
pos_queries: 19
neg_queries: 38
ratio_pos_queries: 0.330
mrr_mean: 0.965
mrr_std: 0.149
rewards_pos_mean: 0.895
rewards_pos_std: 0.307
rewards_neg_mean: 0.000
rewards_neg_std: 0.000
rewards_mean: 0.298
rewards_std: 0.457
episode_len_pos_mean: 7.000
episode_len_pos_std: 2.734
episode_len_neg_mean: 15.158
episode_len_neg_std: 5.779
episode_len_mean: 12.439
episode_len_std: 6.288
log_probs_pos_mean: -0.529
log_probs_pos_std: 0.580
log_probs_neg_mean: -1.554
log_probs_neg_std: 1.102
log_probs_mean: -1.212
log_probs_std: 1.075
auc_pr: 0.673
Writing results to ./runs/averaged_runs/experiments.csv
