
============================================================
Experiment 1/1
============================================================


============================================================
Seed 0
============================================================
Run signature: family-250-128-torchrl
======================================================================
Training: family
Envs: 128, Steps: 256, Timesteps: 2000000
Seed: 0
======================================================================

[1/3] Creating components...

[2/3] Running training...

============================================================
Initial evaluation (untrained model)
============================================================
[Eval] Took 30.76 seconds

[Ranking] MRR: current=0.421, best=0.421 (iter 0)
--------------------------------------------------------------------
| eval/                              |                            |
|    Hits@1                         | 0.337                      |
|    Hits@10                        | 0.575                      |
|    Hits@3                         | 0.455                      |
|    MRR                            | 0.421                      |
|    len_d_-1_pos                   | 8.200                      |
|    len_d_2_pos                    | 4.544                      |
|    len_d_4_pos                    | 8.857                      |
|    len_d_6_pos                    | 10.000                     |
|    len_neg                        | 8.152                      |
|    len_pos                        | 4.905                      |
|    mrr_mean                       | 0.421                      |
|    proven_d_-1_pos                | 0.050                      |
|    proven_d_2_pos                 | 0.720                      |
|    proven_d_4_pos                 | 0.143                      |
|    proven_d_6_pos                 | 0.000                      |
|    proven_neg                     | 0.298                      |
|    proven_pos                     | 0.662                      |
|    reward_d_-1_pos                | 0.050                      |
|    reward_d_2_pos                 | 0.720                      |
|    reward_d_4_pos                 | 0.143                      |
|    reward_d_6_pos                 | 0.000                      |
|    reward_label_neg               | 0.298                      |
|    reward_label_pos               | 0.662                      |
--------------------------------------------------------------------

============================================================

[PPO] Rollout collected in 4.38s. Rollout FPS: 7489.81. Reward: 0.426. Timesteps: 32768
[PPO] Early stopping at step 0 due to reaching max kl: 10.70
[PPO] Training completed in 3.61s
[Metrics] Reward (train): current=0.426, best=0.426 (iter 1)
--------------------------------------------------------------------
| rollout/                           |                            |
|    ep_len_mean                    | 5.350                      |
|    ep_rew_mean                    | 0.426                      |
|    explained_variance             | -4.094                     |
|    len                            | 5.350 +/- 3.93 (6051)      |
|    len_d_1_pos                    | 1.000 +/- 0.00 (215)       |
|    len_d_2_pos                    | 4.362 +/- 3.91 (2801)      |
|    len_d_4_pos                    | 6.451 +/- 5.25 (51)        |
|    len_d_6_pos                    | 8.000 +/- 0.00 (1)         |
|    len_d_unknown_neg              | 6.571 +/- 3.56 (2983)      |
|    len_neg                        | 6.571 +/- 3.56 (2983)      |
|    len_pos                        | 4.163 +/- 3.91 (3068)      |
|    proven_d_1_pos                 | 1.000 +/- 0.00 (215)       |
|    proven_d_1_pos_husband         | 1.000 +/- 0.00 (105)       |
|    proven_d_1_pos_wife            | 1.000 +/- 0.00 (110)       |
|    proven_d_2_pos                 | 0.752 +/- 0.43 (2801)      |
|    proven_d_2_pos_aunt            | 0.745 +/- 0.44 (479)       |
|    proven_d_2_pos_brother         | 0.809 +/- 0.39 (152)       |
|    proven_d_2_pos_daughter        | 0.712 +/- 0.45 (156)       |
|    proven_d_2_pos_father          | 0.831 +/- 0.38 (177)       |
|    proven_d_2_pos_husband         | 0.611 +/- 0.49 (18)        |
|    proven_d_2_pos_mother          | 0.942 +/- 0.23 (120)       |
|    proven_d_2_pos_nephew          | 0.651 +/- 0.48 (470)       |
|    proven_d_2_pos_niece           | 0.772 +/- 0.42 (355)       |
|    proven_d_2_pos_sister          | 0.761 +/- 0.43 (184)       |
|    proven_d_2_pos_son             | 0.512 +/- 0.50 (201)       |
|    proven_d_2_pos_uncle           | 0.867 +/- 0.34 (466)       |
|    proven_d_2_pos_wife            | 0.783 +/- 0.41 (23)        |
|    proven_d_4_pos                 | 0.627 +/- 0.48 (51)        |
|    proven_d_4_pos_aunt            | 0.333 +/- 0.47 (9)         |
|    proven_d_4_pos_brother         | 1.000 +/- 0.00 (9)         |
|    proven_d_4_pos_daughter        | 0.500 +/- 0.50 (2)         |
|    proven_d_4_pos_father          | 0.600 +/- 0.49 (5)         |
|    proven_d_4_pos_husband         | 1.000 +/- 0.00 (2)         |
|    proven_d_4_pos_mother          | 0.714 +/- 0.45 (7)         |
|    proven_d_4_pos_nephew          | 0.000 +/- 0.00 (1)         |
|    proven_d_4_pos_niece           | 0.800 +/- 0.40 (5)         |
|    proven_d_4_pos_sister          | 0.000 +/- 0.00 (2)         |
|    proven_d_4_pos_son             | 0.333 +/- 0.47 (6)         |
|    proven_d_4_pos_uncle           | 1.000 +/- 0.00 (3)         |
|    proven_d_6_pos                 | 0.000 +/- 0.00 (1)         |
|    proven_d_6_pos_daughter        | 0.000 +/- 0.00 (1)         |
|    proven_d_unknown_neg           | 0.348 +/- 0.48 (2983)      |
|    proven_d_unknown_neg_<PAD>     | 0.000 +/- 0.00 (3)         |
|    proven_d_unknown_neg_aunt      | 0.283 +/- 0.45 (435)       |
|    proven_d_unknown_neg_brother   | 0.054 +/- 0.23 (147)       |
|    proven_d_unknown_neg_daughter  | 0.399 +/- 0.49 (153)       |
|    proven_d_unknown_neg_father    | 0.607 +/- 0.49 (173)       |
|    proven_d_unknown_neg_husband   | 0.416 +/- 0.49 (137)       |
|    proven_d_unknown_neg_mother    | 0.558 +/- 0.50 (156)       |
|    proven_d_unknown_neg_nephew    | 0.006 +/- 0.08 (469)       |
|    proven_d_unknown_neg_niece     | 0.542 +/- 0.50 (389)       |
|    proven_d_unknown_neg_sister    | 0.173 +/- 0.38 (168)       |
|    proven_d_unknown_neg_son       | 0.115 +/- 0.32 (192)       |
|    proven_d_unknown_neg_uncle     | 0.613 +/- 0.49 (442)       |
|    proven_d_unknown_neg_wife      | 0.504 +/- 0.50 (119)       |
|    proven_neg                     | 0.348 +/- 0.48 (2983)      |
|    proven_pos                     | 0.767 +/- 0.42 (3068)      |
|    reward                         | 0.426 +/- 0.91 (6051)      |
|    reward_d_1_pos                 | 1.000 +/- 0.00 (215)       |
|    reward_d_2_pos                 | 0.504 +/- 0.86 (2801)      |
|    reward_d_4_pos                 | 0.255 +/- 0.97 (51)        |
|    reward_d_6_pos                 | -1.000 +/- 0.00 (1)        |
|    reward_d_unknown_neg           | 0.314 +/- 0.96 (2983)      |
|    reward_neg                     | 0.314 +/- 0.96 (2983)      |
|    reward_pos                     | 0.535 +/- 0.85 (3068)      |
|    success_rate                   | 0.560                      |
|    time/elapsed                   | 38                         |
|    time/iteration_fps             | 845                        |
|    total_timesteps                | 32768                      |
--------------------------------------------------------------------

[Checkpoint] Saved last train model to /home/castellanoontiv/Batched_env-swarm/family_training/kge_experiments/models/family-250-128-torchrl/last_model_train_2026_01_25_12_02_01.pt
[PPO] Rollout collected in 2.11s. Rollout FPS: 15554.75. Reward: 0.439. Timesteps: 65536
[PPO] Early stopping at step 0 due to reaching max kl: 10.09
[PPO] Training completed in 5.57s
[Metrics] Reward (train): current=0.432, best=0.432 (iter 2)
--------------------------------------------------------------------
| rollout/                           |                            |
|    ep_len_mean                    | 5.375                      |
|    ep_rew_mean                    | 0.432                      |
|    explained_variance             | -3.968                     |
|    len                            | 5.375 +/- 3.99 (12106)     |
|    len_d_1_pos                    | 1.000 +/- 0.00 (413)       |
|    len_d_2_pos                    | 4.335 +/- 3.93 (5571)      |
|    len_d_4_pos                    | 7.442 +/- 5.44 (104)       |
|    len_d_6_pos                    | 6.000 +/- 2.00 (2)         |
|    len_d_unknown_neg              | 6.604 +/- 3.66 (6016)      |
|    len_neg                        | 6.604 +/- 3.66 (6016)      |
|    len_pos                        | 4.162 +/- 3.94 (6090)      |
|    proven_d_1_pos                 | 1.000 +/- 0.00 (413)       |
|    proven_d_1_pos_husband         | 1.000 +/- 0.00 (201)       |
|    proven_d_1_pos_wife            | 1.000 +/- 0.00 (212)       |
|    proven_d_2_pos                 | 0.755 +/- 0.43 (5571)      |
|    proven_d_2_pos_aunt            | 0.759 +/- 0.43 (860)       |
|    proven_d_2_pos_brother         | 0.802 +/- 0.40 (344)       |
|    proven_d_2_pos_daughter        | 0.698 +/- 0.46 (311)       |
|    proven_d_2_pos_father          | 0.848 +/- 0.36 (341)       |
|    proven_d_2_pos_husband         | 0.696 +/- 0.46 (46)        |
|    proven_d_2_pos_mother          | 0.931 +/- 0.25 (261)       |
|    proven_d_2_pos_nephew          | 0.646 +/- 0.48 (973)       |
|    proven_d_2_pos_niece           | 0.795 +/- 0.40 (718)       |
|    proven_d_2_pos_sister          | 0.789 +/- 0.41 (350)       |
|    proven_d_2_pos_son             | 0.453 +/- 0.50 (395)       |
|    proven_d_2_pos_uncle           | 0.871 +/- 0.33 (925)       |
|    proven_d_2_pos_wife            | 0.745 +/- 0.44 (47)        |
|    proven_d_4_pos                 | 0.519 +/- 0.50 (104)       |
|    proven_d_4_pos_aunt            | 0.316 +/- 0.46 (19)        |
|    proven_d_4_pos_brother         | 0.938 +/- 0.24 (16)        |
|    proven_d_4_pos_daughter        | 0.500 +/- 0.50 (4)         |
|    proven_d_4_pos_father          | 0.429 +/- 0.49 (7)         |
|    proven_d_4_pos_husband         | 1.000 +/- 0.00 (3)         |
|    proven_d_4_pos_mother          | 0.647 +/- 0.48 (17)        |
|    proven_d_4_pos_nephew          | 0.000 +/- 0.00 (5)         |
|    proven_d_4_pos_niece           | 0.833 +/- 0.37 (6)         |
|    proven_d_4_pos_sister          | 0.000 +/- 0.00 (5)         |
|    proven_d_4_pos_son             | 0.286 +/- 0.45 (14)        |
|    proven_d_4_pos_uncle           | 0.625 +/- 0.48 (8)         |
|    proven_d_6_pos                 | 0.500 +/- 0.50 (2)         |
|    proven_d_6_pos_daughter        | 0.500 +/- 0.50 (2)         |
|    proven_d_unknown_neg           | 0.341 +/- 0.47 (6016)      |
|    proven_d_unknown_neg_<PAD>     | 0.000 +/- 0.00 (6)         |
|    proven_d_unknown_neg_aunt      | 0.268 +/- 0.44 (805)       |
|    proven_d_unknown_neg_brother   | 0.064 +/- 0.24 (330)       |
|    proven_d_unknown_neg_daughter  | 0.383 +/- 0.49 (295)       |
|    proven_d_unknown_neg_father    | 0.549 +/- 0.50 (375)       |
|    proven_d_unknown_neg_husband   | 0.454 +/- 0.50 (282)       |
|    proven_d_unknown_neg_mother    | 0.561 +/- 0.50 (326)       |
|    proven_d_unknown_neg_nephew    | 0.004 +/- 0.06 (945)       |
|    proven_d_unknown_neg_niece     | 0.537 +/- 0.50 (788)       |
|    proven_d_unknown_neg_sister    | 0.149 +/- 0.36 (335)       |
|    proven_d_unknown_neg_son       | 0.104 +/- 0.31 (385)       |
|    proven_d_unknown_neg_uncle     | 0.612 +/- 0.49 (891)       |
|    proven_d_unknown_neg_wife      | 0.482 +/- 0.50 (253)       |
|    proven_neg                     | 0.341 +/- 0.47 (6016)      |
|    proven_pos                     | 0.767 +/- 0.42 (6090)      |
|    reward                         | 0.432 +/- 0.91 (12106)     |
|    reward_d_1_pos                 | 1.000 +/- 0.00 (413)       |
|    reward_d_2_pos                 | 0.510 +/- 0.86 (5571)      |
|    reward_d_4_pos                 | 0.038 +/- 1.00 (104)       |
|    reward_d_6_pos                 | 0.000 +/- 1.00 (2)         |
|    reward_d_unknown_neg           | 0.329 +/- 0.96 (6016)      |
|    reward_neg                     | 0.329 +/- 0.96 (6016)      |
|    reward_pos                     | 0.535 +/- 0.84 (6090)      |
|    success_rate                   | 0.556                      |
|    time/elapsed                   | 46                         |
|    time/iteration_fps             | 4247                       |
|    total_timesteps                | 65536                      |
--------------------------------------------------------------------

[Checkpoint] Saved last train model to /home/castellanoontiv/Batched_env-swarm/family_training/kge_experiments/models/family-250-128-torchrl/last_model_train_2026_01_25_12_02_01.pt
[PPO] Rollout collected in 1.78s. Rollout FPS: 18418.97. Reward: 0.443. Timesteps: 98304
[PPO] Early stopping at step 0 due to reaching max kl: 10.48
[PPO] Training completed in 0.01s
[Metrics] Reward (train): current=0.436, best=0.436 (iter 3)
--------------------------------------------------------------------
| rollout/                           |                            |
|    ep_len_mean                    | 5.420                      |
|    ep_rew_mean                    | 0.436                      |
|    explained_variance             | -3.916                     |
|    len                            | 5.420 +/- 4.06 (18048)     |
|    len_d_1_pos                    | 1.000 +/- 0.00 (636)       |
|    len_d_2_pos                    | 4.363 +/- 3.99 (8268)      |
|    len_d_4_pos                    | 7.434 +/- 5.29 (159)       |
|    len_d_6_pos                    | 6.000 +/- 2.00 (2)         |
|    len_d_unknown_neg              | 6.669 +/- 3.73 (8983)      |
|    len_neg                        | 6.669 +/- 3.73 (8983)      |
|    len_pos                        | 4.182 +/- 3.99 (9065)      |
|    proven_d_1_pos                 | 1.000 +/- 0.00 (636)       |
|    proven_d_1_pos_husband         | 1.000 +/- 0.00 (320)       |
|    proven_d_1_pos_wife            | 1.000 +/- 0.00 (316)       |
|    proven_d_2_pos                 | 0.755 +/- 0.43 (8268)      |
|    proven_d_2_pos_aunt            | 0.756 +/- 0.43 (1224)      |
|    proven_d_2_pos_brother         | 0.815 +/- 0.39 (518)       |
|    proven_d_2_pos_daughter        | 0.727 +/- 0.45 (450)       |
|    proven_d_2_pos_father          | 0.856 +/- 0.35 (499)       |
|    proven_d_2_pos_husband         | 0.677 +/- 0.47 (62)        |
|    proven_d_2_pos_mother          | 0.937 +/- 0.24 (414)       |
|    proven_d_2_pos_nephew          | 0.639 +/- 0.48 (1439)      |
|    proven_d_2_pos_niece           | 0.782 +/- 0.41 (1108)      |
|    proven_d_2_pos_sister          | 0.798 +/- 0.40 (495)       |
|    proven_d_2_pos_son             | 0.454 +/- 0.50 (601)       |
|    proven_d_2_pos_uncle           | 0.869 +/- 0.34 (1389)      |
|    proven_d_2_pos_wife            | 0.710 +/- 0.45 (69)        |
|    proven_d_4_pos                 | 0.497 +/- 0.50 (159)       |
|    proven_d_4_pos_aunt            | 0.258 +/- 0.44 (31)        |
|    proven_d_4_pos_brother         | 0.923 +/- 0.27 (26)        |
|    proven_d_4_pos_daughter        | 0.500 +/- 0.50 (6)         |
|    proven_d_4_pos_father          | 0.429 +/- 0.49 (7)         |
|    proven_d_4_pos_husband         | 1.000 +/- 0.00 (4)         |
|    proven_d_4_pos_mother          | 0.615 +/- 0.49 (26)        |
|    proven_d_4_pos_nephew          | 0.000 +/- 0.00 (9)         |
|    proven_d_4_pos_niece           | 0.643 +/- 0.48 (14)        |
|    proven_d_4_pos_sister          | 0.143 +/- 0.35 (7)         |
|    proven_d_4_pos_son             | 0.250 +/- 0.43 (16)        |
|    proven_d_4_pos_uncle           | 0.538 +/- 0.50 (13)        |
|    proven_d_6_pos                 | 0.500 +/- 0.50 (2)         |
|    proven_d_6_pos_daughter        | 0.500 +/- 0.50 (2)         |
|    proven_d_unknown_neg           | 0.337 +/- 0.47 (8983)      |
|    proven_d_unknown_neg_<PAD>     | 0.000 +/- 0.00 (10)        |
|    proven_d_unknown_neg_aunt      | 0.278 +/- 0.45 (1248)      |
|    proven_d_unknown_neg_brother   | 0.046 +/- 0.21 (481)       |
|    proven_d_unknown_neg_daughter  | 0.375 +/- 0.48 (453)       |
|    proven_d_unknown_neg_father    | 0.531 +/- 0.50 (539)       |
|    proven_d_unknown_neg_husband   | 0.460 +/- 0.50 (387)       |
|    proven_d_unknown_neg_mother    | 0.562 +/- 0.50 (477)       |
|    proven_d_unknown_neg_nephew    | 0.003 +/- 0.05 (1393)      |
|    proven_d_unknown_neg_niece     | 0.519 +/- 0.50 (1148)      |
|    proven_d_unknown_neg_sister    | 0.153 +/- 0.36 (518)       |
|    proven_d_unknown_neg_son       | 0.100 +/- 0.30 (589)       |
|    proven_d_unknown_neg_uncle     | 0.615 +/- 0.49 (1369)      |
|    proven_d_unknown_neg_wife      | 0.485 +/- 0.50 (371)       |
|    proven_neg                     | 0.337 +/- 0.47 (8983)      |
|    proven_pos                     | 0.768 +/- 0.42 (9065)      |
|    reward                         | 0.436 +/- 0.91 (18048)     |
|    reward_d_1_pos                 | 1.000 +/- 0.00 (636)       |
|    reward_d_2_pos                 | 0.510 +/- 0.86 (8268)      |
|    reward_d_4_pos                 | -0.006 +/- 1.00 (159)      |
|    reward_d_6_pos                 | 0.000 +/- 1.00 (2)         |
|    reward_d_unknown_neg           | 0.335 +/- 0.95 (8983)      |
|    reward_neg                     | 0.335 +/- 0.95 (8983)      |
|    reward_pos                     | 0.535 +/- 0.84 (9065)      |
|    success_rate                   | 0.553                      |
|    time/elapsed                   | 48                         |
|    time/iteration_fps             | 17766                      |
|    total_timesteps                | 98304                      |
--------------------------------------------------------------------

[Checkpoint] Saved last train model to /home/castellanoontiv/Batched_env-swarm/family_training/kge_experiments/models/family-250-128-torchrl/last_model_train_2026_01_25_12_02_01.pt
[PPO] Rollout collected in 1.77s. Rollout FPS: 18461.63. Reward: 0.436. Timesteps: 131072
[PPO] Early stopping at step 0 due to reaching max kl: 9.07
[PPO] Training completed in 0.01s
[Metrics] Reward (train): current=0.436, best=0.436 (iter 4)
--------------------------------------------------------------------
| rollout/                           |                            |
|    ep_len_mean                    | 5.439                      |
|    ep_rew_mean                    | 0.436                      |
|    explained_variance             | -3.998                     |
|    len                            | 5.439 +/- 4.05 (24013)     |
|    len_d_1_pos                    | 1.000 +/- 0.00 (846)       |
|    len_d_2_pos                    | 4.384 +/- 3.99 (10991)     |
|    len_d_4_pos                    | 7.315 +/- 5.18 (203)       |
|    len_d_6_pos                    | 6.667 +/- 1.89 (3)         |
|    len_d_unknown_neg              | 6.689 +/- 3.72 (11970)     |
|    len_neg                        | 6.689 +/- 3.72 (11970)     |
|    len_pos                        | 4.197 +/- 3.99 (12043)     |
|    proven_d_1_pos                 | 1.000 +/- 0.00 (846)       |
|    proven_d_1_pos_husband         | 1.000 +/- 0.00 (424)       |
|    proven_d_1_pos_wife            | 1.000 +/- 0.00 (422)       |
|    proven_d_2_pos                 | 0.754 +/- 0.43 (10991)     |
|    proven_d_2_pos_aunt            | 0.757 +/- 0.43 (1602)      |
|    proven_d_2_pos_brother         | 0.803 +/- 0.40 (692)       |
|    proven_d_2_pos_daughter        | 0.718 +/- 0.45 (600)       |
|    proven_d_2_pos_father          | 0.848 +/- 0.36 (679)       |
|    proven_d_2_pos_husband         | 0.732 +/- 0.44 (82)        |
|    proven_d_2_pos_mother          | 0.943 +/- 0.23 (561)       |
|    proven_d_2_pos_nephew          | 0.626 +/- 0.48 (1892)      |
|    proven_d_2_pos_niece           | 0.789 +/- 0.41 (1490)      |
|    proven_d_2_pos_sister          | 0.814 +/- 0.39 (665)       |
|    proven_d_2_pos_son             | 0.464 +/- 0.50 (812)       |
|    proven_d_2_pos_uncle           | 0.864 +/- 0.34 (1828)      |
|    proven_d_2_pos_wife            | 0.716 +/- 0.45 (88)        |
|    proven_d_4_pos                 | 0.493 +/- 0.50 (203)       |
|    proven_d_4_pos_aunt            | 0.268 +/- 0.44 (41)        |
|    proven_d_4_pos_brother         | 0.917 +/- 0.28 (36)        |
|    proven_d_4_pos_daughter        | 0.500 +/- 0.50 (6)         |
|    proven_d_4_pos_father          | 0.444 +/- 0.50 (9)         |
|    proven_d_4_pos_husband         | 1.000 +/- 0.00 (4)         |
|    proven_d_4_pos_mother          | 0.576 +/- 0.49 (33)        |
|    proven_d_4_pos_nephew          | 0.000 +/- 0.00 (11)        |
|    proven_d_4_pos_niece           | 0.611 +/- 0.49 (18)        |
|    proven_d_4_pos_sister          | 0.111 +/- 0.31 (9)         |
|    proven_d_4_pos_son             | 0.250 +/- 0.43 (20)        |
|    proven_d_4_pos_uncle           | 0.562 +/- 0.50 (16)        |
|    proven_d_6_pos                 | 0.333 +/- 0.47 (3)         |
|    proven_d_6_pos_daughter        | 0.333 +/- 0.47 (3)         |
|    proven_d_unknown_neg           | 0.336 +/- 0.47 (11970)     |
|    proven_d_unknown_neg_<PAD>     | 0.000 +/- 0.00 (13)        |
|    proven_d_unknown_neg_aunt      | 0.285 +/- 0.45 (1622)      |
|    proven_d_unknown_neg_brother   | 0.041 +/- 0.20 (641)       |
|    proven_d_unknown_neg_daughter  | 0.389 +/- 0.49 (637)       |
|    proven_d_unknown_neg_father    | 0.512 +/- 0.50 (720)       |
|    proven_d_unknown_neg_husband   | 0.471 +/- 0.50 (527)       |
|    proven_d_unknown_neg_mother    | 0.547 +/- 0.50 (647)       |
|    proven_d_unknown_neg_nephew    | 0.003 +/- 0.06 (1892)      |
|    proven_d_unknown_neg_niece     | 0.524 +/- 0.50 (1512)      |
|    proven_d_unknown_neg_sister    | 0.152 +/- 0.36 (686)       |
|    proven_d_unknown_neg_son       | 0.095 +/- 0.29 (781)       |
|    proven_d_unknown_neg_uncle     | 0.611 +/- 0.49 (1791)      |
|    proven_d_unknown_neg_wife      | 0.483 +/- 0.50 (501)       |
|    proven_neg                     | 0.336 +/- 0.47 (11970)     |
|    proven_pos                     | 0.767 +/- 0.42 (12043)     |
|    reward                         | 0.436 +/- 0.91 (24013)     |
|    reward_d_1_pos                 | 1.000 +/- 0.00 (846)       |
|    reward_d_2_pos                 | 0.507 +/- 0.86 (10991)     |
|    reward_d_4_pos                 | -0.015 +/- 1.00 (203)      |
|    reward_d_6_pos                 | -0.333 +/- 0.94 (3)        |
|    reward_d_unknown_neg           | 0.338 +/- 0.95 (11970)     |
|    reward_neg                     | 0.338 +/- 0.95 (11970)     |
|    reward_pos                     | 0.533 +/- 0.85 (12043)     |
|    success_rate                   | 0.552                      |
|    time/elapsed                   | 50                         |
|    time/iteration_fps             | 17794                      |
|    total_timesteps                | 131072                     |
--------------------------------------------------------------------

[Eval] Took 20.22 seconds

[Ranking] MRR: current=0.425, best=0.425 (iter 4)
--------------------------------------------------------------------
| eval/                              |                            |
|    Hits@1                         | 0.342                      |
|    Hits@10                        | 0.582                      |
|    Hits@3                         | 0.452                      |
|    MRR                            | 0.425                      |
|    len_d_-1_pos                   | 8.200                      |
|    len_d_2_pos                    | 4.555                      |
|    len_d_4_pos                    | 8.857                      |
|    len_d_6_pos                    | 10.000                     |
|    len_neg                        | 8.125                      |
|    len_pos                        | 4.915                      |
|    mrr_mean                       | 0.425                      |
|    proven_d_-1_pos                | 0.050                      |
|    proven_d_2_pos                 | 0.723                      |
|    proven_d_4_pos                 | 0.143                      |
|    proven_d_6_pos                 | 0.000                      |
|    proven_neg                     | 0.298                      |
|    proven_pos                     | 0.665                      |
|    reward_d_-1_pos                | 0.050                      |
|    reward_d_2_pos                 | 0.723                      |
|    reward_d_4_pos                 | 0.143                      |
|    reward_d_6_pos                 | 0.000                      |
|    reward_label_neg               | 0.298                      |
|    reward_label_pos               | 0.665                      |
--------------------------------------------------------------------

[Checkpoint] New best eval model saved to /home/castellanoontiv/Batched_env-swarm/family_training/kge_experiments/models/family-250-128-torchrl/best_model_eval_2026_01_25_12_02_01.pt (mrr_mean=0.4251)
[Checkpoint] Saved last train model to /home/castellanoontiv/Batched_env-swarm/family_training/kge_experiments/models/family-250-128-torchrl/last_model_train_2026_01_25_12_02_01.pt
[PPO] Rollout collected in 1.78s. Rollout FPS: 18452.89. Reward: 0.435. Timesteps: 163840
[PPO] Early stopping at step 0 due to reaching max kl: 9.45
[PPO] Training completed in 0.01s
[Metrics] Reward (train): current=0.436, best=0.436 (iter 4)
--------------------------------------------------------------------
| rollout/                           |                            |
|    ep_len_mean                    | 5.419                      |
|    ep_rew_mean                    | 0.436                      |
|    explained_variance             | -3.941                     |
|    len                            | 5.419 +/- 4.03 (30144)     |
|    len_d_1_pos                    | 1.000 +/- 0.00 (1061)      |
|    len_d_2_pos                    | 4.383 +/- 3.99 (13794)     |
|    len_d_4_pos                    | 7.302 +/- 5.11 (255)       |
|    len_d_6_pos                    | 6.667 +/- 1.89 (3)         |
|    len_d_unknown_neg              | 6.649 +/- 3.68 (15031)     |
|    len_neg                        | 6.649 +/- 3.68 (15031)     |
|    len_pos                        | 4.195 +/- 3.98 (15113)     |
|    proven_d_1_pos                 | 1.000 +/- 0.00 (1061)      |
|    proven_d_1_pos_husband         | 1.000 +/- 0.00 (532)       |
|    proven_d_1_pos_wife            | 1.000 +/- 0.00 (529)       |
|    proven_d_2_pos                 | 0.754 +/- 0.43 (13794)     |
|    proven_d_2_pos_aunt            | 0.754 +/- 0.43 (2006)      |
|    proven_d_2_pos_brother         | 0.800 +/- 0.40 (857)       |
|    proven_d_2_pos_daughter        | 0.708 +/- 0.45 (751)       |
|    proven_d_2_pos_father          | 0.851 +/- 0.36 (864)       |
|    proven_d_2_pos_husband         | 0.743 +/- 0.44 (101)       |
|    proven_d_2_pos_mother          | 0.938 +/- 0.24 (712)       |
|    proven_d_2_pos_nephew          | 0.634 +/- 0.48 (2379)      |
|    proven_d_2_pos_niece           | 0.792 +/- 0.41 (1840)      |
|    proven_d_2_pos_sister          | 0.812 +/- 0.39 (830)       |
|    proven_d_2_pos_son             | 0.470 +/- 0.50 (1032)      |
|    proven_d_2_pos_uncle           | 0.859 +/- 0.35 (2313)      |
|    proven_d_2_pos_wife            | 0.725 +/- 0.45 (109)       |
|    proven_d_4_pos                 | 0.490 +/- 0.50 (255)       |
|    proven_d_4_pos_aunt            | 0.277 +/- 0.45 (47)        |
|    proven_d_4_pos_brother         | 0.927 +/- 0.26 (41)        |
|    proven_d_4_pos_daughter        | 0.500 +/- 0.50 (6)         |
|    proven_d_4_pos_father          | 0.417 +/- 0.49 (12)        |
|    proven_d_4_pos_husband         | 1.000 +/- 0.00 (5)         |
|    proven_d_4_pos_mother          | 0.614 +/- 0.49 (44)        |
|    proven_d_4_pos_nephew          | 0.000 +/- 0.00 (17)        |
|    proven_d_4_pos_niece           | 0.600 +/- 0.49 (20)        |
|    proven_d_4_pos_sister          | 0.077 +/- 0.27 (13)        |
|    proven_d_4_pos_son             | 0.240 +/- 0.43 (25)        |
|    proven_d_4_pos_uncle           | 0.600 +/- 0.49 (25)        |
|    proven_d_6_pos                 | 0.333 +/- 0.47 (3)         |
|    proven_d_6_pos_daughter        | 0.333 +/- 0.47 (3)         |
|    proven_d_unknown_neg           | 0.336 +/- 0.47 (15031)     |
|    proven_d_unknown_neg_<PAD>     | 0.000 +/- 0.00 (17)        |
|    proven_d_unknown_neg_aunt      | 0.287 +/- 0.45 (1987)      |
|    proven_d_unknown_neg_brother   | 0.037 +/- 0.19 (828)       |
|    proven_d_unknown_neg_daughter  | 0.390 +/- 0.49 (801)       |
|    proven_d_unknown_neg_father    | 0.509 +/- 0.50 (896)       |
|    proven_d_unknown_neg_husband   | 0.463 +/- 0.50 (656)       |
|    proven_d_unknown_neg_mother    | 0.535 +/- 0.50 (826)       |
|    proven_d_unknown_neg_nephew    | 0.003 +/- 0.05 (2394)      |
|    proven_d_unknown_neg_niece     | 0.533 +/- 0.50 (1911)      |
|    proven_d_unknown_neg_sister    | 0.145 +/- 0.35 (865)       |
|    proven_d_unknown_neg_son       | 0.097 +/- 0.30 (975)       |
|    proven_d_unknown_neg_uncle     | 0.614 +/- 0.49 (2242)      |
|    proven_d_unknown_neg_wife      | 0.496 +/- 0.50 (633)       |
|    proven_neg                     | 0.336 +/- 0.47 (15031)     |
|    proven_pos                     | 0.767 +/- 0.42 (15113)     |
|    reward                         | 0.436 +/- 0.91 (30144)     |
|    reward_d_1_pos                 | 1.000 +/- 0.00 (1061)      |
|    reward_d_2_pos                 | 0.508 +/- 0.86 (13794)     |
|    reward_d_4_pos                 | -0.020 +/- 1.00 (255)      |
|    reward_d_6_pos                 | -0.333 +/- 0.94 (3)        |
|    reward_d_unknown_neg           | 0.338 +/- 0.95 (15031)     |
|    reward_neg                     | 0.338 +/- 0.95 (15031)     |
|    reward_pos                     | 0.533 +/- 0.85 (15113)     |
|    success_rate                   | 0.552                      |
|    time/elapsed                   | 72                         |
|    time/iteration_fps             | 1483                       |
|    total_timesteps                | 163840                     |
--------------------------------------------------------------------

[Checkpoint] Saved last train model to /home/castellanoontiv/Batched_env-swarm/family_training/kge_experiments/models/family-250-128-torchrl/last_model_train_2026_01_25_12_02_01.pt
[PPO] Rollout collected in 1.78s. Rollout FPS: 18381.25. Reward: 0.455. Timesteps: 196608
[PPO] Early stopping at step 0 due to reaching max kl: 8.95
[PPO] Training completed in 0.01s
[Metrics] Reward (train): current=0.439, best=0.439 (iter 6)
--------------------------------------------------------------------
| rollout/                           |                            |
|    ep_len_mean                    | 5.403                      |
|    ep_rew_mean                    | 0.439                      |
|    explained_variance             | -4.230                     |
|    len                            | 5.403 +/- 4.01 (36299)     |
|    len_d_1_pos                    | 1.000 +/- 0.00 (1287)      |
|    len_d_2_pos                    | 4.345 +/- 3.93 (16601)     |
|    len_d_4_pos                    | 7.311 +/- 5.16 (296)       |
|    len_d_6_pos                    | 7.200 +/- 1.60 (5)         |
|    len_d_unknown_neg              | 6.654 +/- 3.68 (18110)     |
|    len_neg                        | 6.654 +/- 3.68 (18110)     |
|    len_pos                        | 4.157 +/- 3.93 (18189)     |
|    proven_d_1_pos                 | 1.000 +/- 0.00 (1287)      |
|    proven_d_1_pos_husband         | 1.000 +/- 0.00 (637)       |
|    proven_d_1_pos_wife            | 1.000 +/- 0.00 (650)       |
|    proven_d_2_pos                 | 0.755 +/- 0.43 (16601)     |
|    proven_d_2_pos_aunt            | 0.761 +/- 0.43 (2419)      |
|    proven_d_2_pos_brother         | 0.790 +/- 0.41 (1021)      |
|    proven_d_2_pos_daughter        | 0.710 +/- 0.45 (887)       |
|    proven_d_2_pos_father          | 0.853 +/- 0.35 (1053)      |
|    proven_d_2_pos_husband         | 0.731 +/- 0.44 (119)       |
|    proven_d_2_pos_mother          | 0.937 +/- 0.24 (872)       |
|    proven_d_2_pos_nephew          | 0.629 +/- 0.48 (2848)      |
|    proven_d_2_pos_niece           | 0.791 +/- 0.41 (2204)      |
|    proven_d_2_pos_sister          | 0.813 +/- 0.39 (1023)      |
|    proven_d_2_pos_son             | 0.474 +/- 0.50 (1203)      |
|    proven_d_2_pos_uncle           | 0.858 +/- 0.35 (2823)      |
|    proven_d_2_pos_wife            | 0.736 +/- 0.44 (129)       |
|    proven_d_4_pos                 | 0.503 +/- 0.50 (296)       |
|    proven_d_4_pos_aunt            | 0.309 +/- 0.46 (55)        |
|    proven_d_4_pos_brother         | 0.932 +/- 0.25 (44)        |
|    proven_d_4_pos_daughter        | 0.500 +/- 0.50 (6)         |
|    proven_d_4_pos_father          | 0.533 +/- 0.50 (15)        |
|    proven_d_4_pos_husband         | 1.000 +/- 0.00 (5)         |
|    proven_d_4_pos_mother          | 0.647 +/- 0.48 (51)        |
|    proven_d_4_pos_nephew          | 0.000 +/- 0.00 (20)        |
|    proven_d_4_pos_niece           | 0.591 +/- 0.49 (22)        |
|    proven_d_4_pos_sister          | 0.235 +/- 0.42 (17)        |
|    proven_d_4_pos_son             | 0.233 +/- 0.42 (30)        |
|    proven_d_4_pos_uncle           | 0.581 +/- 0.49 (31)        |
|    proven_d_6_pos                 | 0.200 +/- 0.40 (5)         |
|    proven_d_6_pos_aunt            | 0.000 +/- 0.00 (1)         |
|    proven_d_6_pos_daughter        | 0.333 +/- 0.47 (3)         |
|    proven_d_6_pos_nephew          | 0.000 +/- 0.00 (1)         |
|    proven_d_unknown_neg           | 0.334 +/- 0.47 (18110)     |
|    proven_d_unknown_neg_<PAD>     | 0.000 +/- 0.00 (24)        |
|    proven_d_unknown_neg_aunt      | 0.292 +/- 0.45 (2375)      |
|    proven_d_unknown_neg_brother   | 0.035 +/- 0.18 (1002)      |
|    proven_d_unknown_neg_daughter  | 0.390 +/- 0.49 (946)       |
|    proven_d_unknown_neg_father    | 0.517 +/- 0.50 (1082)      |
|    proven_d_unknown_neg_husband   | 0.466 +/- 0.50 (777)       |
|    proven_d_unknown_neg_mother    | 0.530 +/- 0.50 (968)       |
|    proven_d_unknown_neg_nephew    | 0.003 +/- 0.06 (2926)      |
|    proven_d_unknown_neg_niece     | 0.525 +/- 0.50 (2298)      |
|    proven_d_unknown_neg_sister    | 0.142 +/- 0.35 (1025)      |
|    proven_d_unknown_neg_son       | 0.098 +/- 0.30 (1188)      |
|    proven_d_unknown_neg_uncle     | 0.612 +/- 0.49 (2727)      |
|    proven_d_unknown_neg_wife      | 0.482 +/- 0.50 (772)       |
|    proven_neg                     | 0.334 +/- 0.47 (18110)     |
|    proven_pos                     | 0.768 +/- 0.42 (18189)     |
|    reward                         | 0.439 +/- 0.90 (36299)     |
|    reward_d_1_pos                 | 1.000 +/- 0.00 (1287)      |
|    reward_d_2_pos                 | 0.510 +/- 0.86 (16601)     |
|    reward_d_4_pos                 | 0.007 +/- 1.00 (296)       |
|    reward_d_6_pos                 | -0.600 +/- 0.80 (5)        |
|    reward_d_unknown_neg           | 0.341 +/- 0.95 (18110)     |
|    reward_neg                     | 0.341 +/- 0.95 (18110)     |
|    reward_pos                     | 0.536 +/- 0.84 (18189)     |
|    success_rate                   | 0.552                      |
|    time/elapsed                   | 74                         |
|    time/iteration_fps             | 17514                      |
|    total_timesteps                | 196608                     |
--------------------------------------------------------------------

[Checkpoint] Saved last train model to /home/castellanoontiv/Batched_env-swarm/family_training/kge_experiments/models/family-250-128-torchrl/last_model_train_2026_01_25_12_02_01.pt
[PPO] Rollout collected in 1.78s. Rollout FPS: 18379.98. Reward: 0.446. Timesteps: 229376
[PPO] Early stopping at step 0 due to reaching max kl: 10.20
[PPO] Training completed in 0.01s
[Metrics] Reward (train): current=0.440, best=0.440 (iter 7)
--------------------------------------------------------------------
| rollout/                           |                            |
|    ep_len_mean                    | 5.406                      |
|    ep_rew_mean                    | 0.440                      |
|    explained_variance             | -4.073                     |
|    len                            | 5.406 +/- 4.01 (42354)     |
|    len_d_1_pos                    | 1.000 +/- 0.00 (1515)      |
|    len_d_2_pos                    | 4.342 +/- 3.93 (19351)     |
|    len_d_4_pos                    | 7.382 +/- 5.20 (343)       |
|    len_d_6_pos                    | 7.200 +/- 1.60 (5)         |
|    len_d_unknown_neg              | 6.663 +/- 3.69 (21140)     |
|    len_neg                        | 6.663 +/- 3.69 (21140)     |
|    len_pos                        | 4.153 +/- 3.93 (21214)     |
|    proven_d_1_pos                 | 1.000 +/- 0.00 (1515)      |
|    proven_d_1_pos_husband         | 1.000 +/- 0.00 (760)       |
|    proven_d_1_pos_wife            | 1.000 +/- 0.00 (755)       |
|    proven_d_2_pos                 | 0.755 +/- 0.43 (19351)     |
|    proven_d_2_pos_aunt            | 0.764 +/- 0.42 (2845)      |
|    proven_d_2_pos_brother         | 0.792 +/- 0.41 (1178)      |
|    proven_d_2_pos_daughter        | 0.710 +/- 0.45 (1041)      |
|    proven_d_2_pos_father          | 0.848 +/- 0.36 (1213)      |
|    proven_d_2_pos_husband         | 0.718 +/- 0.45 (131)       |
|    proven_d_2_pos_mother          | 0.939 +/- 0.24 (1012)      |
|    proven_d_2_pos_nephew          | 0.626 +/- 0.48 (3355)      |
|    proven_d_2_pos_niece           | 0.791 +/- 0.41 (2561)      |
|    proven_d_2_pos_sister          | 0.817 +/- 0.39 (1186)      |
|    proven_d_2_pos_son             | 0.471 +/- 0.50 (1400)      |
|    proven_d_2_pos_uncle           | 0.862 +/- 0.34 (3279)      |
|    proven_d_2_pos_wife            | 0.760 +/- 0.43 (150)       |
|    proven_d_4_pos                 | 0.513 +/- 0.50 (343)       |
|    proven_d_4_pos_aunt            | 0.302 +/- 0.46 (63)        |
|    proven_d_4_pos_brother         | 0.922 +/- 0.27 (51)        |
|    proven_d_4_pos_daughter        | 0.625 +/- 0.48 (8)         |
|    proven_d_4_pos_father          | 0.556 +/- 0.50 (18)        |
|    proven_d_4_pos_husband         | 1.000 +/- 0.00 (6)         |
|    proven_d_4_pos_mother          | 0.635 +/- 0.48 (63)        |
|    proven_d_4_pos_nephew          | 0.000 +/- 0.00 (22)        |
|    proven_d_4_pos_niece           | 0.560 +/- 0.50 (25)        |
|    proven_d_4_pos_sister          | 0.235 +/- 0.42 (17)        |
|    proven_d_4_pos_son             | 0.278 +/- 0.45 (36)        |
|    proven_d_4_pos_uncle           | 0.618 +/- 0.49 (34)        |
|    proven_d_6_pos                 | 0.200 +/- 0.40 (5)         |
|    proven_d_6_pos_aunt            | 0.000 +/- 0.00 (1)         |
|    proven_d_6_pos_daughter        | 0.333 +/- 0.47 (3)         |
|    proven_d_6_pos_nephew          | 0.000 +/- 0.00 (1)         |
|    proven_d_unknown_neg           | 0.334 +/- 0.47 (21140)     |
|    proven_d_unknown_neg_<PAD>     | 0.000 +/- 0.00 (26)        |
|    proven_d_unknown_neg_aunt      | 0.293 +/- 0.45 (2779)      |
|    proven_d_unknown_neg_brother   | 0.037 +/- 0.19 (1177)      |
|    proven_d_unknown_neg_daughter  | 0.382 +/- 0.49 (1094)      |
|    proven_d_unknown_neg_father    | 0.519 +/- 0.50 (1263)      |
|    proven_d_unknown_neg_husband   | 0.452 +/- 0.50 (909)       |
|    proven_d_unknown_neg_mother    | 0.528 +/- 0.50 (1121)      |
|    proven_d_unknown_neg_nephew    | 0.003 +/- 0.06 (3442)      |
|    proven_d_unknown_neg_niece     | 0.531 +/- 0.50 (2688)      |
|    proven_d_unknown_neg_sister    | 0.147 +/- 0.35 (1175)      |
|    proven_d_unknown_neg_son       | 0.095 +/- 0.29 (1396)      |
|    proven_d_unknown_neg_uncle     | 0.614 +/- 0.49 (3170)      |
|    proven_d_unknown_neg_wife      | 0.479 +/- 0.50 (900)       |
|    proven_neg                     | 0.334 +/- 0.47 (21140)     |
|    proven_pos                     | 0.769 +/- 0.42 (21214)     |
|    reward                         | 0.440 +/- 0.90 (42354)     |
|    reward_d_1_pos                 | 1.000 +/- 0.00 (1515)      |
|    reward_d_2_pos                 | 0.511 +/- 0.86 (19351)     |
|    reward_d_4_pos                 | 0.026 +/- 1.00 (343)       |
|    reward_d_6_pos                 | -0.600 +/- 0.80 (5)        |
|    reward_d_unknown_neg           | 0.342 +/- 0.95 (21140)     |
|    reward_neg                     | 0.342 +/- 0.95 (21140)     |