==============================================
Starting KGE Integration Experiments
Datasets: nations umls fb15k237 pharmkg_full
Timesteps per run: 5000000
Started at: Sun Jan 11 08:51:57 PM CET 2026
==============================================

>>>>>>>>>>>>>>>>>>>>>>>>>>>>>>>>>>>>>>>>>>>>>>
Processing Dataset: nations
>>>>>>>>>>>>>>>>>>>>>>>>>>>>>>>>>>>>>>>>>>>>>>
==============================================
Starting KGE Integration Experiments
Dataset: nations
Timesteps: 5000000
Eval: 100 queries, 10 corruptions
Test: None queries, 100 corruptions
Started at: Sun Jan 11 08:51:57 PM CET 2026
==============================================

[1/10] Running: KGE Only
==============================================
Evaluate with KGE-only mode: RL model loading disabled.
Grid search: 1 params, 1 experiments.

============================================================
Experiment 1/1
============================================================


============================================================
Seed 0
============================================================
Run signature: nations-250-128-torchrl
======================================================================
Training: nations
Envs: 128, Steps: 256, Timesteps: 0
Seed: 0
======================================================================

[1/3] Creating components...
Number of train queries excluded: 1492. Ratio excluded: 0.937
[EnvOptimal] Compiled with mode=reduce-overhead, fullgraph=True

[2/3] Running training...
KGE Engine initialized with backend: pytorch (signature: torch_nations_TuckER_512_20260110_224506_s42)
[PPO] Compiled ranking_step (double-buffered) with mode=default
[Ranking] Skipping initial evaluation as total_timesteps=0

[3/3] Running evaluation...
Building model and loading weights...
Weights loaded successfully.

Results: MRR=0.6837, Hits@1=0.5075, Hits@3=0.8333, Hits@10=0.9950
Proven: pos=0.0025, neg=0.0000
Writing results to /home/castellanoontiv/Batched_Env/kge_experiments/runs/averaged_runs/experiments.csv

============================================================
All experiments completed!
============================================================


[2/10] Running: RL Only (no KGE)
==============================================
